{"D:\\VueProject\\lqmountain-park-web\\src\\api\\geology.js": {"path":"D:\\VueProject\\lqmountain-park-web\\src\\api\\geology.js","statementMap":{"0":{"start":{"line":1,"column":0},"end":{"line":null,"column":-1}},"1":{"start":{"line":3,"column":2},"end":{"line":null,"column":-1}}},"fnMap":{"0":{"name":"postQueryGeologyList","decl":{"start":{"line":2,"column":16},"end":{"line":2,"column":7}},"loc":{"start":{"line":2,"column":44},"end":{"line":4,"column":1}}}},"branchMap":{},"s":{"0":0,"1":0},"f":{"0":0},"b":{}}
,"D:\\VueProject\\lqmountain-park-web\\src\\api\\login.js": {"path":"D:\\VueProject\\lqmountain-park-web\\src\\api\\login.js","statementMap":{"0":{"start":{"line":1,"column":0},"end":{"line":null,"column":-1}},"1":{"start":{"line":2,"column":0},"end":{"line":null,"column":-1}},"2":{"start":{"line":4,"column":19},"end":{"line":4,"column":2}},"3":{"start":{"line":6,"column":2},"end":{"line":3,"column":38}},"4":{"start":{"line":8,"column":2},"end":{"line":9,"column":1}},"5":{"start":{"line":11,"column":2},"end":{"line":12,"column":1}}},"fnMap":{"0":{"name":"postQueryLogin","decl":{"start":{"line":3,"column":16},"end":{"line":3,"column":7}},"loc":{"start":{"line":3,"column":38},"end":{"line":10,"column":7}}},"1":{"name":"postQueryUser","decl":{"start":{"line":10,"column":16},"end":{"line":10,"column":7}},"loc":{"start":{"line":10,"column":37},"end":{"line":12,"column":1}}}},"branchMap":{},"s":{"0":0,"1":0,"2":0,"3":0,"4":0,"5":0},"f":{"0":0,"1":0},"b":{}}
,"D:\\VueProject\\lqmountain-park-web\\src\\api\\user.js": {"path":"D:\\VueProject\\lqmountain-park-web\\src\\api\\user.js","statementMap":{"0":{"start":{"line":1,"column":0},"end":{"line":null,"column":-1}},"1":{"start":{"line":2,"column":0},"end":{"line":null,"column":-1}},"2":{"start":{"line":4,"column":2},"end":{"line":5,"column":1}},"3":{"start":{"line":7,"column":19},"end":{"line":7,"column":2}},"4":{"start":{"line":9,"column":2},"end":{"line":10,"column":2}},"5":{"start":{"line":10,"column":2},"end":{"line":11,"column":2}},"6":{"start":{"line":11,"column":2},"end":{"line":12,"column":1}},"7":{"start":{"line":14,"column":19},"end":{"line":14,"column":2}},"8":{"start":{"line":16,"column":2},"end":{"line":null,"column":-1}},"9":{"start":{"line":17,"column":2},"end":{"line":null,"column":-1}},"10":{"start":{"line":18,"column":2},"end":{"line":null,"column":-1}}},"fnMap":{"0":{"name":"postQueryUserList","decl":{"start":{"line":3,"column":16},"end":{"line":3,"column":7}},"loc":{"start":{"line":3,"column":41},"end":{"line":6,"column":7}}},"1":{"name":"postSaveUserList","decl":{"start":{"line":6,"column":16},"end":{"line":6,"column":7}},"loc":{"start":{"line":6,"column":40},"end":{"line":13,"column":7}}},"2":{"name":"postUpdataUserList","decl":{"start":{"line":13,"column":16},"end":{"line":13,"column":7}},"loc":{"start":{"line":13,"column":42},"end":{"line":19,"column":1}}}},"branchMap":{},"s":{"0":0,"1":0,"2":0,"3":0,"4":0,"5":0,"6":0,"7":0,"8":0,"9":0,"10":0},"f":{"0":0,"1":0,"2":0},"b":{}}
,"D:\\VueProject\\lqmountain-park-web\\src\\components\\ArcgisMap.vue": {"path":"D:\\VueProject\\lqmountain-park-web\\src\\components\\ArcgisMap.vue","statementMap":{"0":{"start":{"line":6,"column":0},"end":{"line":null,"column":-1}},"1":{"start":{"line":36,"column":0},"end":{"line":null,"column":-1}},"2":{"start":{"line":61,"column":0},"end":{"line":null,"column":-1}},"3":{"start":{"line":63,"column":0},"end":{"line":201,"column":0}},"4":{"start":{"line":71,"column":0},"end":{"line":null,"column":-1}},"5":{"start":{"line":72,"column":0},"end":{"line":null,"column":-1}},"6":{"start":{"line":73,"column":0},"end":{"line":74,"column":0}},"7":{"start":{"line":90,"column":0},"end":{"line":null,"column":-1}},"8":{"start":{"line":91,"column":0},"end":{"line":null,"column":-1}},"9":{"start":{"line":95,"column":0},"end":{"line":null,"column":-1}},"10":{"start":{"line":111,"column":0},"end":{"line":143,"column":0}},"11":{"start":{"line":112,"column":0},"end":{"line":113,"column":0}},"12":{"start":{"line":124,"column":0},"end":{"line":null,"column":-1}},"13":{"start":{"line":125,"column":0},"end":{"line":134,"column":0}},"14":{"start":{"line":130,"column":0},"end":{"line":133,"column":0}},"15":{"start":{"line":132,"column":0},"end":{"line":null,"column":-1}},"16":{"start":{"line":135,"column":0},"end":{"line":142,"column":0}},"17":{"start":{"line":139,"column":0},"end":{"line":141,"column":0}},"18":{"start":{"line":140,"column":0},"end":{"line":null,"column":-1}},"19":{"start":{"line":144,"column":0},"end":{"line":163,"column":0}},"20":{"start":{"line":160,"column":0},"end":{"line":162,"column":0}},"21":{"start":{"line":161,"column":0},"end":{"line":null,"column":-1}},"22":{"start":{"line":205,"column":0},"end":{"line":null,"column":-1}},"23":{"start":{"line":208,"column":0},"end":{"line":null,"column":-1}},"24":{"start":{"line":211,"column":0},"end":{"line":null,"column":-1}},"25":{"start":{"line":213,"column":0},"end":{"line":229,"column":0}},"26":{"start":{"line":214,"column":0},"end":{"line":null,"column":-1}},"27":{"start":{"line":216,"column":0},"end":{"line":null,"column":-1}},"28":{"start":{"line":217,"column":0},"end":{"line":null,"column":-1}},"29":{"start":{"line":219,"column":0},"end":{"line":229,"column":0}},"30":{"start":{"line":225,"column":0},"end":{"line":null,"column":-1}},"31":{"start":{"line":226,"column":0},"end":{"line":null,"column":-1}},"32":{"start":{"line":227,"column":0},"end":{"line":null,"column":-1}},"33":{"start":{"line":249,"column":0},"end":{"line":null,"column":-1}},"34":{"start":{"line":252,"column":0},"end":{"line":null,"column":-1}},"35":{"start":{"line":261,"column":0},"end":{"line":null,"column":-1}},"36":{"start":{"line":262,"column":0},"end":{"line":null,"column":-1}},"37":{"start":{"line":263,"column":0},"end":{"line":null,"column":-1}},"38":{"start":{"line":266,"column":0},"end":{"line":null,"column":-1}},"39":{"start":{"line":268,"column":0},"end":{"line":null,"column":-1}},"40":{"start":{"line":276,"column":0},"end":{"line":null,"column":-1}},"41":{"start":{"line":277,"column":0},"end":{"line":null,"column":-1}},"42":{"start":{"line":278,"column":0},"end":{"line":null,"column":-1}},"43":{"start":{"line":286,"column":0},"end":{"line":288,"column":0}},"44":{"start":{"line":287,"column":0},"end":{"line":null,"column":-1}},"45":{"start":{"line":294,"column":0},"end":{"line":296,"column":0}},"46":{"start":{"line":295,"column":0},"end":{"line":null,"column":-1}},"47":{"start":{"line":301,"column":0},"end":{"line":304,"column":0}},"48":{"start":{"line":303,"column":0},"end":{"line":null,"column":-1}}},"fnMap":{"0":{"name":"data","decl":{"start":{"line":35,"column":0},"end":{"line":null,"column":-1}},"loc":{"start":{"line":35,"column":0},"end":{"line":59,"column":0}}},"1":{"name":"mounted","decl":{"start":{"line":61,"column":0},"end":{"line":null,"column":-1}},"loc":{"start":{"line":61,"column":0},"end":{"line":202,"column":0}}},"2":{"name":"(anonymous_4)","decl":{"start":{"line":63,"column":0},"end":{"line":null,"column":-1}},"loc":{"start":{"line":63,"column":0},"end":{"line":201,"column":0}}},"3":{"name":"(anonymous_5)","decl":{"start":{"line":125,"column":0},"end":{"line":null,"column":-1}},"loc":{"start":{"line":125,"column":0},"end":{"line":134,"column":0}}},"4":{"name":"(anonymous_6)","decl":{"start":{"line":135,"column":0},"end":{"line":null,"column":-1}},"loc":{"start":{"line":135,"column":0},"end":{"line":142,"column":0}}},"5":{"name":"(anonymous_7)","decl":{"start":{"line":144,"column":0},"end":{"line":null,"column":-1}},"loc":{"start":{"line":144,"column":0},"end":{"line":163,"column":0}}},"6":{"name":"setPoint","decl":{"start":{"line":204,"column":0},"end":{"line":null,"column":-1}},"loc":{"start":{"line":204,"column":0},"end":{"line":206,"column":0}}},"7":{"name":"setPolygon","decl":{"start":{"line":207,"column":0},"end":{"line":null,"column":-1}},"loc":{"start":{"line":207,"column":0},"end":{"line":209,"column":0}}},"8":{"name":"handleEventGraphic","decl":{"start":{"line":210,"column":0},"end":{"line":null,"column":-1}},"loc":{"start":{"line":210,"column":0},"end":{"line":247,"column":0}}},"9":{"name":"drawPoint","decl":{"start":{"line":248,"column":0},"end":{"line":null,"column":-1}},"loc":{"start":{"line":248,"column":0},"end":{"line":264,"column":0}}},"10":{"name":"drawPolygon","decl":{"start":{"line":265,"column":0},"end":{"line":null,"column":-1}},"loc":{"start":{"line":265,"column":0},"end":{"line":279,"column":0}}},"11":{"name":"handler","decl":{"start":{"line":285,"column":0},"end":{"line":null,"column":-1}},"loc":{"start":{"line":285,"column":0},"end":{"line":289,"column":0}}},"12":{"name":"handler","decl":{"start":{"line":293,"column":0},"end":{"line":null,"column":-1}},"loc":{"start":{"line":293,"column":0},"end":{"line":297,"column":0}}},"13":{"name":"beforeDestroy","decl":{"start":{"line":300,"column":0},"end":{"line":null,"column":-1}},"loc":{"start":{"line":300,"column":0},"end":{"line":305,"column":0}}}},"branchMap":{"0":{"loc":{"start":{"line":111,"column":0},"end":{"line":143,"column":0}},"type":"if","locations":[{"start":{"line":111,"column":0},"end":{"line":143,"column":0}},{"start":{"line":111,"column":0},"end":{"line":143,"column":0}}]},"1":{"loc":{"start":{"line":130,"column":0},"end":{"line":133,"column":0}},"type":"if","locations":[{"start":{"line":130,"column":0},"end":{"line":133,"column":0}},{"start":{"line":130,"column":0},"end":{"line":133,"column":0}}]},"2":{"loc":{"start":{"line":139,"column":0},"end":{"line":141,"column":0}},"type":"if","locations":[{"start":{"line":139,"column":0},"end":{"line":141,"column":0}},{"start":{"line":139,"column":0},"end":{"line":141,"column":0}}]},"3":{"loc":{"start":{"line":160,"column":0},"end":{"line":162,"column":0}},"type":"if","locations":[{"start":{"line":160,"column":0},"end":{"line":162,"column":0}},{"start":{"line":160,"column":0},"end":{"line":162,"column":0}}]},"4":{"loc":{"start":{"line":213,"column":0},"end":{"line":229,"column":0}},"type":"if","locations":[{"start":{"line":213,"column":0},"end":{"line":229,"column":0}},{"start":{"line":213,"column":0},"end":{"line":229,"column":0}}]},"5":{"loc":{"start":{"line":219,"column":0},"end":{"line":229,"column":0}},"type":"if","locations":[{"start":{"line":219,"column":0},"end":{"line":229,"column":0}},{"start":{"line":219,"column":0},"end":{"line":229,"column":0}}]},"6":{"loc":{"start":{"line":286,"column":0},"end":{"line":288,"column":0}},"type":"if","locations":[{"start":{"line":286,"column":0},"end":{"line":288,"column":0}},{"start":{"line":286,"column":0},"end":{"line":288,"column":0}}]},"7":{"loc":{"start":{"line":286,"column":0},"end":{"line":null,"column":-1}},"type":"binary-expr","locations":[{"start":{"line":286,"column":0},"end":{"line":null,"column":-1}},{"start":{"line":286,"column":0},"end":{"line":null,"column":-1}}]},"8":{"loc":{"start":{"line":294,"column":0},"end":{"line":296,"column":0}},"type":"if","locations":[{"start":{"line":294,"column":0},"end":{"line":296,"column":0}},{"start":{"line":294,"column":0},"end":{"line":296,"column":0}}]},"9":{"loc":{"start":{"line":294,"column":0},"end":{"line":null,"column":-1}},"type":"binary-expr","locations":[{"start":{"line":294,"column":0},"end":{"line":null,"column":-1}},{"start":{"line":294,"column":0},"end":{"line":null,"column":-1}}]},"10":{"loc":{"start":{"line":301,"column":0},"end":{"line":304,"column":0}},"type":"if","locations":[{"start":{"line":301,"column":0},"end":{"line":304,"column":0}},{"start":{"line":301,"column":0},"end":{"line":304,"column":0}}]}},"s":{"0":0,"1":0,"2":0,"3":0,"4":0,"5":0,"6":0,"7":0,"8":0,"9":0,"10":0,"11":0,"12":0,"13":0,"14":0,"15":0,"16":0,"17":0,"18":0,"19":0,"20":0,"21":0,"22":0,"23":0,"24":0,"25":0,"26":0,"27":0,"28":0,"29":0,"30":0,"31":0,"32":0,"33":0,"34":0,"35":0,"36":0,"37":0,"38":0,"39":0,"40":0,"41":0,"42":0,"43":0,"44":0,"45":0,"46":0,"47":0,"48":0},"f":{"0":0,"1":0,"2":0,"3":0,"4":0,"5":0,"6":0,"7":0,"8":0,"9":0,"10":0,"11":0,"12":0,"13":0},"b":{"0":[0,0],"1":[0,0],"2":[0,0],"3":[0,0],"4":[0,0],"5":[0,0],"6":[0,0],"7":[0,0],"8":[0,0],"9":[0,0],"10":[0,0]}}
,"D:\\VueProject\\lqmountain-park-web\\src\\components\\Header.vue": {"path":"D:\\VueProject\\lqmountain-park-web\\src\\components\\Header.vue","statementMap":{"0":{"start":{"line":40,"column":0},"end":{"line":null,"column":-1}},"1":{"start":{"line":52,"column":0},"end":{"line":null,"column":-1}},"2":{"start":{"line":56,"column":0},"end":{"line":64,"column":0}},"3":{"start":{"line":57,"column":0},"end":{"line":null,"column":-1}},"4":{"start":{"line":58,"column":0},"end":{"line":64,"column":0}},"5":{"start":{"line":59,"column":0},"end":{"line":null,"column":-1}},"6":{"start":{"line":60,"column":0},"end":{"line":64,"column":0}},"7":{"start":{"line":61,"column":0},"end":{"line":null,"column":-1}},"8":{"start":{"line":62,"column":0},"end":{"line":64,"column":0}},"9":{"start":{"line":63,"column":0},"end":{"line":null,"column":-1}},"10":{"start":{"line":68,"column":0},"end":{"line":72,"column":0}},"11":{"start":{"line":69,"column":0},"end":{"line":null,"column":-1}},"12":{"start":{"line":71,"column":0},"end":{"line":null,"column":-1}},"13":{"start":{"line":76,"column":0},"end":{"line":null,"column":-1}},"14":{"start":{"line":80,"column":0},"end":{"line":null,"column":-1}},"15":{"start":{"line":81,"column":0},"end":{"line":null,"column":-1}},"16":{"start":{"line":82,"column":0},"end":{"line":null,"column":-1}},"17":{"start":{"line":83,"column":0},"end":{"line":null,"column":-1}},"18":{"start":{"line":84,"column":0},"end":{"line":null,"column":-1}},"19":{"start":{"line":85,"column":0},"end":{"line":null,"column":-1}},"20":{"start":{"line":86,"column":0},"end":{"line":null,"column":-1}},"21":{"start":{"line":87,"column":0},"end":{"line":null,"column":-1}},"22":{"start":{"line":88,"column":0},"end":{"line":null,"column":-1}},"23":{"start":{"line":91,"column":0},"end":{"line":null,"column":-1}},"24":{"start":{"line":92,"column":0},"end":{"line":null,"column":-1}},"25":{"start":{"line":97,"column":0},"end":{"line":null,"column":-1}}},"fnMap":{"0":{"name":"data","decl":{"start":{"line":39,"column":0},"end":{"line":null,"column":-1}},"loc":{"start":{"line":39,"column":0},"end":{"line":47,"column":0}}},"1":{"name":"mounted","decl":{"start":{"line":51,"column":0},"end":{"line":null,"column":-1}},"loc":{"start":{"line":51,"column":0},"end":{"line":53,"column":0}}},"2":{"name":"toPushIndex","decl":{"start":{"line":55,"column":0},"end":{"line":null,"column":-1}},"loc":{"start":{"line":55,"column":0},"end":{"line":65,"column":0}}},"3":{"name":"handleClick","decl":{"start":{"line":67,"column":0},"end":{"line":null,"column":-1}},"loc":{"start":{"line":67,"column":0},"end":{"line":73,"column":0}}},"4":{"name":"handleLogout","decl":{"start":{"line":75,"column":0},"end":{"line":null,"column":-1}},"loc":{"start":{"line":75,"column":0},"end":{"line":77,"column":0}}},"5":{"name":"setNowTimes","decl":{"start":{"line":79,"column":0},"end":{"line":null,"column":-1}},"loc":{"start":{"line":79,"column":0},"end":{"line":89,"column":0}}},"6":{"name":"loginout","decl":{"start":{"line":90,"column":0},"end":{"line":null,"column":-1}},"loc":{"start":{"line":90,"column":0},"end":{"line":93,"column":0}}},"7":{"name":"logintext","decl":{"start":{"line":96,"column":0},"end":{"line":null,"column":-1}},"loc":{"start":{"line":96,"column":0},"end":{"line":98,"column":0}}}},"branchMap":{"0":{"loc":{"start":{"line":56,"column":0},"end":{"line":64,"column":0}},"type":"if","locations":[{"start":{"line":56,"column":0},"end":{"line":64,"column":0}},{"start":{"line":56,"column":0},"end":{"line":64,"column":0}}]},"1":{"loc":{"start":{"line":58,"column":0},"end":{"line":64,"column":0}},"type":"if","locations":[{"start":{"line":58,"column":0},"end":{"line":64,"column":0}},{"start":{"line":58,"column":0},"end":{"line":64,"column":0}}]},"2":{"loc":{"start":{"line":60,"column":0},"end":{"line":64,"column":0}},"type":"if","locations":[{"start":{"line":60,"column":0},"end":{"line":64,"column":0}},{"start":{"line":60,"column":0},"end":{"line":64,"column":0}}]},"3":{"loc":{"start":{"line":62,"column":0},"end":{"line":64,"column":0}},"type":"if","locations":[{"start":{"line":62,"column":0},"end":{"line":64,"column":0}},{"start":{"line":62,"column":0},"end":{"line":64,"column":0}}]},"4":{"loc":{"start":{"line":68,"column":0},"end":{"line":72,"column":0}},"type":"if","locations":[{"start":{"line":68,"column":0},"end":{"line":72,"column":0}},{"start":{"line":68,"column":0},"end":{"line":72,"column":0}}]},"5":{"loc":{"start":{"line":84,"column":0},"end":{"line":null,"column":-1}},"type":"cond-expr","locations":[{"start":{"line":84,"column":0},"end":{"line":null,"column":-1}},{"start":{"line":84,"column":0},"end":{"line":null,"column":-1}}]}},"s":{"0":0,"1":0,"2":0,"3":0,"4":0,"5":0,"6":0,"7":0,"8":0,"9":0,"10":0,"11":0,"12":0,"13":0,"14":0,"15":0,"16":0,"17":0,"18":0,"19":0,"20":0,"21":0,"22":0,"23":0,"24":0,"25":0},"f":{"0":0,"1":0,"2":0,"3":0,"4":0,"5":0,"6":0,"7":0},"b":{"0":[0,0],"1":[0,0],"2":[0,0],"3":[0,0],"4":[0,0],"5":[0,0]}}
,"D:\\VueProject\\lqmountain-park-web\\src\\components\\aside.vue": {"path":"D:\\VueProject\\lqmountain-park-web\\src\\components\\aside.vue","statementMap":{"0":{"start":{"line":34,"column":0},"end":{"line":null,"column":-1}},"1":{"start":{"line":39,"column":0},"end":{"line":null,"column":-1}},"2":{"start":{"line":86,"column":0},"end":{"line":null,"column":-1}}},"fnMap":{"0":{"name":"data","decl":{"start":{"line":38,"column":0},"end":{"line":null,"column":-1}},"loc":{"start":{"line":38,"column":0},"end":{"line":84,"column":0}}},"1":{"name":"created","decl":{"start":{"line":85,"column":0},"end":{"line":null,"column":-1}},"loc":{"start":{"line":85,"column":0},"end":{"line":87,"column":0}}},"2":{"name":"mounted","decl":{"start":{"line":88,"column":0},"end":{"line":null,"column":-1}},"loc":{"start":{"line":88,"column":0},"end":{"line":null,"column":-1}}}},"branchMap":{},"s":{"0":0,"1":0,"2":0},"f":{"0":0,"1":0,"2":0},"b":{}}
,"D:\\VueProject\\lqmountain-park-web\\src\\components\\comparedDataDialog.vue": {"path":"D:\\VueProject\\lqmountain-park-web\\src\\components\\comparedDataDialog.vue","statementMap":{"0":{"start":{"line":17,"column":0},"end":{"line":null,"column":-1}},"1":{"start":{"line":27,"column":0},"end":{"line":null,"column":-1}}},"fnMap":{"0":{"name":"data","decl":{"start":{"line":16,"column":0},"end":{"line":null,"column":-1}},"loc":{"start":{"line":16,"column":0},"end":{"line":20,"column":0}}},"1":{"name":"closeClick","decl":{"start":{"line":26,"column":0},"end":{"line":null,"column":-1}},"loc":{"start":{"line":26,"column":0},"end":{"line":28,"column":0}}}},"branchMap":{},"s":{"0":0,"1":0},"f":{"0":0,"1":0},"b":{}}
,"D:\\VueProject\\lqmountain-park-web\\src\\components\\dataViewDialog.vue": {"path":"D:\\VueProject\\lqmountain-park-web\\src\\components\\dataViewDialog.vue","statementMap":{"0":{"start":{"line":17,"column":0},"end":{"line":null,"column":-1}},"1":{"start":{"line":29,"column":0},"end":{"line":null,"column":-1}}},"fnMap":{"0":{"name":"data","decl":{"start":{"line":16,"column":0},"end":{"line":null,"column":-1}},"loc":{"start":{"line":16,"column":0},"end":{"line":20,"column":0}}},"1":{"name":"closeClick","decl":{"start":{"line":28,"column":0},"end":{"line":null,"column":-1}},"loc":{"start":{"line":28,"column":0},"end":{"line":30,"column":0}}}},"branchMap":{},"s":{"0":0,"1":0},"f":{"0":0,"1":0},"b":{}}
,"D:\\VueProject\\lqmountain-park-web\\src\\components\\dataViewTitle.vue": {"path":"D:\\VueProject\\lqmountain-park-web\\src\\components\\dataViewTitle.vue","statementMap":{"0":{"start":{"line":16,"column":0},"end":{"line":null,"column":-1}}},"fnMap":{"0":{"name":"data","decl":{"start":{"line":15,"column":0},"end":{"line":null,"column":-1}},"loc":{"start":{"line":15,"column":0},"end":{"line":18,"column":0}}}},"branchMap":{},"s":{"0":0},"f":{"0":0},"b":{}}
,"D:\\VueProject\\lqmountain-park-web\\src\\components\\decisionAside.vue": {"path":"D:\\VueProject\\lqmountain-park-web\\src\\components\\decisionAside.vue","statementMap":{"0":{"start":{"line":38,"column":0},"end":{"line":null,"column":-1}},"1":{"start":{"line":86,"column":0},"end":{"line":null,"column":-1}},"2":{"start":{"line":90,"column":0},"end":{"line":null,"column":-1}}},"fnMap":{"0":{"name":"created","decl":{"start":{"line":34,"column":0},"end":{"line":null,"column":-1}},"loc":{"start":{"line":34,"column":0},"end":{"line":36,"column":0}}},"1":{"name":"data","decl":{"start":{"line":37,"column":0},"end":{"line":null,"column":-1}},"loc":{"start":{"line":37,"column":0},"end":{"line":84,"column":0}}},"2":{"name":"mounted","decl":{"start":{"line":85,"column":0},"end":{"line":null,"column":-1}},"loc":{"start":{"line":85,"column":0},"end":{"line":87,"column":0}}},"3":{"name":"toPush","decl":{"start":{"line":89,"column":0},"end":{"line":null,"column":-1}},"loc":{"start":{"line":89,"column":0},"end":{"line":91,"column":0}}}},"branchMap":{},"s":{"0":0,"1":0,"2":0},"f":{"0":0,"1":0,"2":0,"3":0},"b":{}}
,"D:\\VueProject\\lqmountain-park-web\\src\\components\\faceInformationDialog.vue": {"path":"D:\\VueProject\\lqmountain-park-web\\src\\components\\faceInformationDialog.vue","statementMap":{"0":{"start":{"line":21,"column":0},"end":{"line":null,"column":-1}},"1":{"start":{"line":31,"column":0},"end":{"line":null,"column":-1}}},"fnMap":{"0":{"name":"data","decl":{"start":{"line":20,"column":0},"end":{"line":null,"column":-1}},"loc":{"start":{"line":20,"column":0},"end":{"line":24,"column":0}}},"1":{"name":"closeClick","decl":{"start":{"line":30,"column":0},"end":{"line":null,"column":-1}},"loc":{"start":{"line":30,"column":0},"end":{"line":32,"column":0}}}},"branchMap":{},"s":{"0":0,"1":0},"f":{"0":0,"1":0},"b":{}}
,"D:\\VueProject\\lqmountain-park-web\\src\\components\\faceListItem.vue": {"path":"D:\\VueProject\\lqmountain-park-web\\src\\components\\faceListItem.vue","statementMap":{"0":{"start":{"line":12,"column":0},"end":{"line":null,"column":-1}},"1":{"start":{"line":22,"column":0},"end":{"line":null,"column":-1}}},"fnMap":{"0":{"name":"data","decl":{"start":{"line":11,"column":0},"end":{"line":null,"column":-1}},"loc":{"start":{"line":11,"column":0},"end":{"line":15,"column":0}}},"1":{"name":"closeClick","decl":{"start":{"line":21,"column":0},"end":{"line":null,"column":-1}},"loc":{"start":{"line":21,"column":0},"end":{"line":23,"column":0}}}},"branchMap":{},"s":{"0":0,"1":0},"f":{"0":0,"1":0},"b":{}}
,"D:\\VueProject\\lqmountain-park-web\\src\\components\\itemBut.vue": {"path":"D:\\VueProject\\lqmountain-park-web\\src\\components\\itemBut.vue","statementMap":{"0":{"start":{"line":15,"column":0},"end":{"line":null,"column":-1}},"1":{"start":{"line":16,"column":0},"end":{"line":null,"column":-1}},"2":{"start":{"line":17,"column":0},"end":{"line":null,"column":-1}},"3":{"start":{"line":18,"column":0},"end":{"line":null,"column":-1}},"4":{"start":{"line":19,"column":0},"end":{"line":null,"column":-1}},"5":{"start":{"line":20,"column":0},"end":{"line":null,"column":-1}},"6":{"start":{"line":27,"column":0},"end":{"line":null,"column":-1}},"7":{"start":{"line":58,"column":0},"end":{"line":90,"column":0}},"8":{"start":{"line":59,"column":0},"end":{"line":69,"column":0}},"9":{"start":{"line":60,"column":0},"end":{"line":null,"column":-1}},"10":{"start":{"line":61,"column":0},"end":{"line":null,"column":-1}},"11":{"start":{"line":62,"column":0},"end":{"line":null,"column":-1}},"12":{"start":{"line":64,"column":0},"end":{"line":null,"column":-1}},"13":{"start":{"line":65,"column":0},"end":{"line":null,"column":-1}},"14":{"start":{"line":66,"column":0},"end":{"line":null,"column":-1}},"15":{"start":{"line":67,"column":0},"end":{"line":null,"column":-1}},"16":{"start":{"line":70,"column":0},"end":{"line":90,"column":0}},"17":{"start":{"line":71,"column":0},"end":{"line":80,"column":0}},"18":{"start":{"line":72,"column":0},"end":{"line":null,"column":-1}},"19":{"start":{"line":73,"column":0},"end":{"line":null,"column":-1}},"20":{"start":{"line":75,"column":0},"end":{"line":null,"column":-1}},"21":{"start":{"line":76,"column":0},"end":{"line":null,"column":-1}},"22":{"start":{"line":77,"column":0},"end":{"line":null,"column":-1}},"23":{"start":{"line":78,"column":0},"end":{"line":null,"column":-1}},"24":{"start":{"line":79,"column":0},"end":{"line":null,"column":-1}},"25":{"start":{"line":81,"column":0},"end":{"line":90,"column":0}},"26":{"start":{"line":82,"column":0},"end":{"line":89,"column":0}},"27":{"start":{"line":83,"column":0},"end":{"line":null,"column":-1}},"28":{"start":{"line":85,"column":0},"end":{"line":null,"column":-1}},"29":{"start":{"line":86,"column":0},"end":{"line":null,"column":-1}},"30":{"start":{"line":87,"column":0},"end":{"line":null,"column":-1}},"31":{"start":{"line":88,"column":0},"end":{"line":null,"column":-1}}},"fnMap":{"0":{"name":"data","decl":{"start":{"line":26,"column":0},"end":{"line":null,"column":-1}},"loc":{"start":{"line":26,"column":0},"end":{"line":50,"column":0}}},"1":{"name":"handerClick","decl":{"start":{"line":57,"column":0},"end":{"line":null,"column":-1}},"loc":{"start":{"line":57,"column":0},"end":{"line":91,"column":0}}}},"branchMap":{"0":{"loc":{"start":{"line":58,"column":0},"end":{"line":90,"column":0}},"type":"if","locations":[{"start":{"line":58,"column":0},"end":{"line":90,"column":0}},{"start":{"line":58,"column":0},"end":{"line":90,"column":0}}]},"1":{"loc":{"start":{"line":59,"column":0},"end":{"line":69,"column":0}},"type":"if","locations":[{"start":{"line":59,"column":0},"end":{"line":69,"column":0}},{"start":{"line":59,"column":0},"end":{"line":69,"column":0}}]},"2":{"loc":{"start":{"line":70,"column":0},"end":{"line":90,"column":0}},"type":"if","locations":[{"start":{"line":70,"column":0},"end":{"line":90,"column":0}},{"start":{"line":70,"column":0},"end":{"line":90,"column":0}}]},"3":{"loc":{"start":{"line":71,"column":0},"end":{"line":80,"column":0}},"type":"if","locations":[{"start":{"line":71,"column":0},"end":{"line":80,"column":0}},{"start":{"line":71,"column":0},"end":{"line":80,"column":0}}]},"4":{"loc":{"start":{"line":81,"column":0},"end":{"line":90,"column":0}},"type":"if","locations":[{"start":{"line":81,"column":0},"end":{"line":90,"column":0}},{"start":{"line":81,"column":0},"end":{"line":90,"column":0}}]},"5":{"loc":{"start":{"line":82,"column":0},"end":{"line":89,"column":0}},"type":"if","locations":[{"start":{"line":82,"column":0},"end":{"line":89,"column":0}},{"start":{"line":82,"column":0},"end":{"line":89,"column":0}}]}},"s":{"0":0,"1":0,"2":0,"3":0,"4":0,"5":0,"6":0,"7":0,"8":0,"9":0,"10":0,"11":0,"12":0,"13":0,"14":0,"15":0,"16":0,"17":0,"18":0,"19":0,"20":0,"21":0,"22":0,"23":0,"24":0,"25":0,"26":0,"27":0,"28":0,"29":0,"30":0,"31":0},"f":{"0":0,"1":0},"b":{"0":[0,0],"1":[0,0],"2":[0,0],"3":[0,0],"4":[0,0],"5":[0,0]}}
,"D:\\VueProject\\lqmountain-park-web\\src\\components\\pickPointTitle.vue": {"path":"D:\\VueProject\\lqmountain-park-web\\src\\components\\pickPointTitle.vue","statementMap":{"0":{"start":{"line":12,"column":0},"end":{"line":null,"column":-1}}},"fnMap":{"0":{"name":"data","decl":{"start":{"line":11,"column":0},"end":{"line":null,"column":-1}},"loc":{"start":{"line":11,"column":0},"end":{"line":15,"column":0}}},"1":{"name":"closeClick","decl":{"start":{"line":20,"column":0},"end":{"line":null,"column":-1}},"loc":{"start":{"line":20,"column":0},"end":{"line":22,"column":0}}}},"branchMap":{},"s":{"0":0},"f":{"0":0,"1":0},"b":{}}
,"D:\\VueProject\\lqmountain-park-web\\src\\components\\tableComponent.vue": {"path":"D:\\VueProject\\lqmountain-park-web\\src\\components\\tableComponent.vue","statementMap":{"0":{"start":{"line":15,"column":0},"end":{"line":null,"column":-1}},"1":{"start":{"line":34,"column":0},"end":{"line":null,"column":-1}},"2":{"start":{"line":38,"column":0},"end":{"line":null,"column":-1}},"3":{"start":{"line":42,"column":0},"end":{"line":null,"column":-1}},"4":{"start":{"line":44,"column":0},"end":{"line":47,"column":0}},"5":{"start":{"line":45,"column":0},"end":{"line":null,"column":-1}},"6":{"start":{"line":46,"column":0},"end":{"line":null,"column":-1}},"7":{"start":{"line":48,"column":0},"end":{"line":null,"column":-1}},"8":{"start":{"line":49,"column":0},"end":{"line":56,"column":0}},"9":{"start":{"line":50,"column":0},"end":{"line":null,"column":-1}},"10":{"start":{"line":51,"column":0},"end":{"line":null,"column":-1}},"11":{"start":{"line":52,"column":0},"end":{"line":54,"column":0}},"12":{"start":{"line":53,"column":0},"end":{"line":null,"column":-1}},"13":{"start":{"line":55,"column":0},"end":{"line":null,"column":-1}},"14":{"start":{"line":57,"column":0},"end":{"line":null,"column":-1}},"15":{"start":{"line":58,"column":0},"end":{"line":null,"column":-1}},"16":{"start":{"line":59,"column":0},"end":{"line":null,"column":-1}},"17":{"start":{"line":63,"column":0},"end":{"line":null,"column":-1}},"18":{"start":{"line":64,"column":0},"end":{"line":66,"column":0}},"19":{"start":{"line":65,"column":0},"end":{"line":null,"column":-1}}},"fnMap":{"0":{"name":"data","decl":{"start":{"line":14,"column":0},"end":{"line":null,"column":-1}},"loc":{"start":{"line":14,"column":0},"end":{"line":29,"column":0}}},"1":{"name":"rowCount","decl":{"start":{"line":32,"column":0},"end":{"line":null,"column":-1}},"loc":{"start":{"line":32,"column":0},"end":{"line":35,"column":0}}},"2":{"name":"mounted","decl":{"start":{"line":37,"column":0},"end":{"line":null,"column":-1}},"loc":{"start":{"line":37,"column":0},"end":{"line":39,"column":0}}},"3":{"name":"getKey","decl":{"start":{"line":41,"column":0},"end":{"line":null,"column":-1}},"loc":{"start":{"line":41,"column":0},"end":{"line":60,"column":0}}},"4":{"name":"(anonymous_5)","decl":{"start":{"line":49,"column":0},"end":{"line":null,"column":-1}},"loc":{"start":{"line":49,"column":0},"end":{"line":56,"column":0}}},"5":{"name":"(anonymous_6)","decl":{"start":{"line":52,"column":0},"end":{"line":null,"column":-1}},"loc":{"start":{"line":52,"column":0},"end":{"line":54,"column":0}}},"6":{"name":"created","decl":{"start":{"line":62,"column":0},"end":{"line":null,"column":-1}},"loc":{"start":{"line":62,"column":0},"end":{"line":67,"column":0}}}},"branchMap":{"0":{"loc":{"start":{"line":64,"column":0},"end":{"line":66,"column":0}},"type":"if","locations":[{"start":{"line":64,"column":0},"end":{"line":66,"column":0}},{"start":{"line":64,"column":0},"end":{"line":66,"column":0}}]}},"s":{"0":0,"1":0,"2":0,"3":0,"4":0,"5":0,"6":0,"7":0,"8":0,"9":0,"10":0,"11":0,"12":0,"13":0,"14":0,"15":0,"16":0,"17":0,"18":0,"19":0},"f":{"0":0,"1":0,"2":0,"3":0,"4":0,"5":0,"6":0},"b":{"0":[0,0]}}
,"D:\\VueProject\\lqmountain-park-web\\src\\components\\tabs.vue": {"path":"D:\\VueProject\\lqmountain-park-web\\src\\components\\tabs.vue","statementMap":{"0":{"start":{"line":24,"column":0},"end":{"line":null,"column":-1}},"1":{"start":{"line":30,"column":0},"end":{"line":37,"column":0}},"2":{"start":{"line":31,"column":0},"end":{"line":null,"column":-1}},"3":{"start":{"line":34,"column":0},"end":{"line":null,"column":-1}},"4":{"start":{"line":35,"column":0},"end":{"line":null,"column":-1}},"5":{"start":{"line":36,"column":0},"end":{"line":null,"column":-1}},"6":{"start":{"line":43,"column":0},"end":{"line":null,"column":-1}},"7":{"start":{"line":46,"column":0},"end":{"line":null,"column":-1}},"8":{"start":{"line":51,"column":0},"end":{"line":null,"column":-1}},"9":{"start":{"line":54,"column":0},"end":{"line":null,"column":-1}},"10":{"start":{"line":60,"column":0},"end":{"line":null,"column":-1}},"11":{"start":{"line":61,"column":0},"end":{"line":null,"column":-1}},"12":{"start":{"line":62,"column":0},"end":{"line":75,"column":0}},"13":{"start":{"line":63,"column":0},"end":{"line":74,"column":0}},"14":{"start":{"line":65,"column":0},"end":{"line":73,"column":0}},"15":{"start":{"line":66,"column":0},"end":{"line":null,"column":-1}},"16":{"start":{"line":67,"column":0},"end":{"line":null,"column":-1}},"17":{"start":{"line":68,"column":0},"end":{"line":72,"column":0}},"18":{"start":{"line":69,"column":0},"end":{"line":null,"column":-1}},"19":{"start":{"line":71,"column":0},"end":{"line":null,"column":-1}},"20":{"start":{"line":76,"column":0},"end":{"line":null,"column":-1}},"21":{"start":{"line":78,"column":0},"end":{"line":82,"column":0}},"22":{"start":{"line":79,"column":0},"end":{"line":null,"column":-1}},"23":{"start":{"line":81,"column":0},"end":{"line":null,"column":-1}},"24":{"start":{"line":84,"column":0},"end":{"line":null,"column":-1}},"25":{"start":{"line":85,"column":0},"end":{"line":null,"column":-1}},"26":{"start":{"line":87,"column":0},"end":{"line":null,"column":-1}},"27":{"start":{"line":91,"column":0},"end":{"line":null,"column":-1}}},"fnMap":{"0":{"name":"data","decl":{"start":{"line":23,"column":0},"end":{"line":null,"column":-1}},"loc":{"start":{"line":23,"column":0},"end":{"line":27,"column":0}}},"1":{"name":"mounted","decl":{"start":{"line":28,"column":0},"end":{"line":null,"column":-1}},"loc":{"start":{"line":28,"column":0},"end":{"line":38,"column":0}}},"2":{"name":"get","decl":{"start":{"line":42,"column":0},"end":{"line":null,"column":-1}},"loc":{"start":{"line":42,"column":0},"end":{"line":44,"column":0}}},"3":{"name":"set","decl":{"start":{"line":45,"column":0},"end":{"line":null,"column":-1}},"loc":{"start":{"line":45,"column":0},"end":{"line":47,"column":0}}},"4":{"name":"get","decl":{"start":{"line":50,"column":0},"end":{"line":null,"column":-1}},"loc":{"start":{"line":50,"column":0},"end":{"line":52,"column":0}}},"5":{"name":"set","decl":{"start":{"line":53,"column":0},"end":{"line":null,"column":-1}},"loc":{"start":{"line":53,"column":0},"end":{"line":55,"column":0}}},"6":{"name":"removeTab","decl":{"start":{"line":59,"column":0},"end":{"line":null,"column":-1}},"loc":{"start":{"line":59,"column":0},"end":{"line":88,"column":0}}},"7":{"name":"(anonymous_9)","decl":{"start":{"line":63,"column":0},"end":{"line":null,"column":-1}},"loc":{"start":{"line":63,"column":0},"end":{"line":74,"column":0}}},"8":{"name":"(anonymous_10)","decl":{"start":{"line":81,"column":0},"end":{"line":null,"column":-1}},"loc":{"start":{"line":81,"column":0},"end":{"line":null,"column":-1}}},"9":{"name":"tabClick","decl":{"start":{"line":89,"column":0},"end":{"line":null,"column":-1}},"loc":{"start":{"line":89,"column":0},"end":{"line":92,"column":0}}}},"branchMap":{"0":{"loc":{"start":{"line":30,"column":0},"end":{"line":37,"column":0}},"type":"if","locations":[{"start":{"line":30,"column":0},"end":{"line":37,"column":0}},{"start":{"line":30,"column":0},"end":{"line":37,"column":0}}]},"1":{"loc":{"start":{"line":62,"column":0},"end":{"line":75,"column":0}},"type":"if","locations":[{"start":{"line":62,"column":0},"end":{"line":75,"column":0}},{"start":{"line":62,"column":0},"end":{"line":75,"column":0}}]},"2":{"loc":{"start":{"line":65,"column":0},"end":{"line":73,"column":0}},"type":"if","locations":[{"start":{"line":65,"column":0},"end":{"line":73,"column":0}},{"start":{"line":65,"column":0},"end":{"line":73,"column":0}}]},"3":{"loc":{"start":{"line":66,"column":0},"end":{"line":null,"column":-1}},"type":"binary-expr","locations":[{"start":{"line":66,"column":0},"end":{"line":null,"column":-1}},{"start":{"line":66,"column":0},"end":{"line":null,"column":-1}}]},"4":{"loc":{"start":{"line":68,"column":0},"end":{"line":72,"column":0}},"type":"if","locations":[{"start":{"line":68,"column":0},"end":{"line":72,"column":0}},{"start":{"line":68,"column":0},"end":{"line":72,"column":0}}]},"5":{"loc":{"start":{"line":78,"column":0},"end":{"line":82,"column":0}},"type":"if","locations":[{"start":{"line":78,"column":0},"end":{"line":82,"column":0}},{"start":{"line":78,"column":0},"end":{"line":82,"column":0}}]}},"s":{"0":0,"1":0,"2":0,"3":0,"4":0,"5":0,"6":0,"7":0,"8":0,"9":0,"10":0,"11":0,"12":0,"13":0,"14":0,"15":0,"16":0,"17":0,"18":0,"19":0,"20":0,"21":0,"22":0,"23":0,"24":0,"25":0,"26":0,"27":0},"f":{"0":0,"1":0,"2":0,"3":0,"4":0,"5":0,"6":0,"7":0,"8":0,"9":0},"b":{"0":[0,0],"1":[0,0],"2":[0,0],"3":[0,0],"4":[0,0],"5":[0,0]}}
,"D:\\VueProject\\lqmountain-park-web\\src\\constant\\Geothermal.js": {"path":"D:\\VueProject\\lqmountain-park-web\\src\\constant\\Geothermal.js","statementMap":{"0":{"start":{"line":1,"column":13},"end":{"line":1,"column":7}}},"fnMap":{},"branchMap":{},"s":{"0":0},"f":{},"b":{}}
,"D:\\VueProject\\lqmountain-park-web\\src\\constant\\index.js": {"path":"D:\\VueProject\\lqmountain-park-web\\src\\constant\\index.js","statementMap":{"0":{"start":{"line":3,"column":0},"end":{"line":null,"column":-1}},"1":{"start":{"line":4,"column":0},"end":{"line":null,"column":-1}},"2":{"start":{"line":5,"column":0},"end":{"line":null,"column":-1}},"3":{"start":{"line":6,"column":0},"end":{"line":null,"column":-1}},"4":{"start":{"line":7,"column":0},"end":{"line":null,"column":-1}},"5":{"start":{"line":8,"column":0},"end":{"line":null,"column":-1}},"6":{"start":{"line":9,"column":0},"end":{"line":null,"column":-1}},"7":{"start":{"line":10,"column":0},"end":{"line":null,"column":-1}},"8":{"start":{"line":11,"column":0},"end":{"line":null,"column":-1}},"9":{"start":{"line":12,"column":0},"end":{"line":null,"column":-1}},"10":{"start":{"line":15,"column":13},"end":{"line":15,"column":7}},"11":{"start":{"line":39,"column":6},"end":{"line":51,"column":7}},"12":{"start":{"line":40,"column":20},"end":{"line":40,"column":8}},"13":{"start":{"line":50,"column":8},"end":{"line":null,"column":-1}},"14":{"start":{"line":52,"column":6},"end":{"line":64,"column":7}},"15":{"start":{"line":53,"column":21},"end":{"line":53,"column":8}},"16":{"start":{"line":63,"column":8},"end":{"line":null,"column":-1}},"17":{"start":{"line":132,"column":6},"end":{"line":294,"column":7}},"18":{"start":{"line":133,"column":21},"end":{"line":133,"column":8}},"19":{"start":{"line":158,"column":8},"end":{"line":null,"column":-1}},"20":{"start":{"line":159,"column":13},"end":{"line":294,"column":7}},"21":{"start":{"line":160,"column":21},"end":{"line":160,"column":8}},"22":{"start":{"line":185,"column":8},"end":{"line":null,"column":-1}},"23":{"start":{"line":186,"column":13},"end":{"line":294,"column":7}},"24":{"start":{"line":187,"column":21},"end":{"line":187,"column":8}},"25":{"start":{"line":212,"column":8},"end":{"line":null,"column":-1}},"26":{"start":{"line":213,"column":13},"end":{"line":294,"column":7}},"27":{"start":{"line":214,"column":21},"end":{"line":214,"column":8}},"28":{"start":{"line":239,"column":8},"end":{"line":null,"column":-1}},"29":{"start":{"line":240,"column":13},"end":{"line":294,"column":7}},"30":{"start":{"line":241,"column":21},"end":{"line":241,"column":8}},"31":{"start":{"line":266,"column":8},"end":{"line":null,"column":-1}},"32":{"start":{"line":267,"column":13},"end":{"line":294,"column":7}},"33":{"start":{"line":268,"column":21},"end":{"line":268,"column":8}},"34":{"start":{"line":293,"column":8},"end":{"line":null,"column":-1}},"35":{"start":{"line":330,"column":18},"end":{"line":330,"column":6}},"36":{"start":{"line":349,"column":6},"end":{"line":null,"column":-1}},"37":{"start":{"line":360,"column":6},"end":{"line":null,"column":-1}},"38":{"start":{"line":361,"column":18},"end":{"line":361,"column":6}},"39":{"start":{"line":373,"column":6},"end":{"line":null,"column":-1}},"40":{"start":{"line":384,"column":6},"end":{"line":null,"column":-1}},"41":{"start":{"line":385,"column":18},"end":{"line":385,"column":6}},"42":{"start":{"line":396,"column":6},"end":{"line":null,"column":-1}},"43":{"start":{"line":407,"column":6},"end":{"line":null,"column":-1}},"44":{"start":{"line":408,"column":18},"end":{"line":408,"column":6}},"45":{"start":{"line":419,"column":6},"end":{"line":null,"column":-1}},"46":{"start":{"line":430,"column":6},"end":{"line":null,"column":-1}},"47":{"start":{"line":431,"column":18},"end":{"line":431,"column":6}},"48":{"start":{"line":442,"column":6},"end":{"line":null,"column":-1}},"49":{"start":{"line":456,"column":6},"end":{"line":null,"column":-1}},"50":{"start":{"line":457,"column":18},"end":{"line":457,"column":6}},"51":{"start":{"line":468,"column":6},"end":{"line":null,"column":-1}},"52":{"start":{"line":479,"column":6},"end":{"line":null,"column":-1}},"53":{"start":{"line":480,"column":18},"end":{"line":480,"column":6}},"54":{"start":{"line":491,"column":6},"end":{"line":null,"column":-1}},"55":{"start":{"line":502,"column":6},"end":{"line":null,"column":-1}},"56":{"start":{"line":503,"column":18},"end":{"line":503,"column":6}},"57":{"start":{"line":514,"column":6},"end":{"line":null,"column":-1}},"58":{"start":{"line":525,"column":6},"end":{"line":null,"column":-1}},"59":{"start":{"line":526,"column":18},"end":{"line":526,"column":6}},"60":{"start":{"line":537,"column":6},"end":{"line":null,"column":-1}},"61":{"start":{"line":548,"column":6},"end":{"line":null,"column":-1}},"62":{"start":{"line":549,"column":18},"end":{"line":549,"column":6}},"63":{"start":{"line":560,"column":6},"end":{"line":null,"column":-1}},"64":{"start":{"line":571,"column":6},"end":{"line":null,"column":-1}},"65":{"start":{"line":572,"column":18},"end":{"line":572,"column":6}},"66":{"start":{"line":583,"column":6},"end":{"line":null,"column":-1}},"67":{"start":{"line":594,"column":6},"end":{"line":null,"column":-1}},"68":{"start":{"line":595,"column":18},"end":{"line":595,"column":6}},"69":{"start":{"line":606,"column":6},"end":{"line":null,"column":-1}},"70":{"start":{"line":617,"column":6},"end":{"line":null,"column":-1}},"71":{"start":{"line":618,"column":18},"end":{"line":618,"column":6}},"72":{"start":{"line":629,"column":6},"end":{"line":null,"column":-1}},"73":{"start":{"line":643,"column":18},"end":{"line":643,"column":6}},"74":{"start":{"line":655,"column":6},"end":{"line":null,"column":-1}},"75":{"start":{"line":671,"column":18},"end":{"line":671,"column":6}},"76":{"start":{"line":704,"column":6},"end":{"line":null,"column":-1}},"77":{"start":{"line":706,"column":6},"end":{"line":738,"column":7}},"78":{"start":{"line":707,"column":21},"end":{"line":707,"column":8}},"79":{"start":{"line":737,"column":8},"end":{"line":null,"column":-1}}},"fnMap":{"0":{"name":"style","decl":{"start":{"line":37,"column":11},"end":{"line":37,"column":20}},"loc":{"start":{"line":37,"column":30},"end":{"line":65,"column":5}}},"1":{"name":"style","decl":{"start":{"line":130,"column":11},"end":{"line":130,"column":20}},"loc":{"start":{"line":130,"column":42},"end":{"line":124,"column":30}}},"2":{"name":"style","decl":{"start":{"line":327,"column":11},"end":{"line":327,"column":20}},"loc":{"start":{"line":327,"column":42},"end":{"line":321,"column":31}}},"3":{"name":"style","decl":{"start":{"line":359,"column":11},"end":{"line":359,"column":20}},"loc":{"start":{"line":359,"column":30},"end":{"line":353,"column":36}}},"4":{"name":"style","decl":{"start":{"line":383,"column":11},"end":{"line":383,"column":20}},"loc":{"start":{"line":383,"column":30},"end":{"line":377,"column":33}}},"5":{"name":"style","decl":{"start":{"line":406,"column":11},"end":{"line":406,"column":20}},"loc":{"start":{"line":406,"column":30},"end":{"line":400,"column":32}}},"6":{"name":"style","decl":{"start":{"line":429,"column":11},"end":{"line":429,"column":20}},"loc":{"start":{"line":429,"column":30},"end":{"line":423,"column":34}}},"7":{"name":"style","decl":{"start":{"line":455,"column":11},"end":{"line":455,"column":20}},"loc":{"start":{"line":455,"column":30},"end":{"line":449,"column":36}}},"8":{"name":"style","decl":{"start":{"line":478,"column":11},"end":{"line":478,"column":20}},"loc":{"start":{"line":478,"column":30},"end":{"line":472,"column":29}}},"9":{"name":"style","decl":{"start":{"line":501,"column":11},"end":{"line":501,"column":20}},"loc":{"start":{"line":501,"column":30},"end":{"line":495,"column":37}}},"10":{"name":"style","decl":{"start":{"line":524,"column":11},"end":{"line":524,"column":20}},"loc":{"start":{"line":524,"column":30},"end":{"line":518,"column":37}}},"11":{"name":"style","decl":{"start":{"line":547,"column":11},"end":{"line":547,"column":20}},"loc":{"start":{"line":547,"column":30},"end":{"line":541,"column":39}}},"12":{"name":"style","decl":{"start":{"line":570,"column":11},"end":{"line":570,"column":20}},"loc":{"start":{"line":570,"column":30},"end":{"line":564,"column":44}}},"13":{"name":"style","decl":{"start":{"line":593,"column":11},"end":{"line":593,"column":20}},"loc":{"start":{"line":593,"column":30},"end":{"line":587,"column":37}}},"14":{"name":"style","decl":{"start":{"line":616,"column":11},"end":{"line":616,"column":20}},"loc":{"start":{"line":616,"column":30},"end":{"line":610,"column":32}}},"15":{"name":"style","decl":{"start":{"line":641,"column":11},"end":{"line":641,"column":20}},"loc":{"start":{"line":641,"column":30},"end":{"line":635,"column":33}}},"16":{"name":"style","decl":{"start":{"line":669,"column":11},"end":{"line":669,"column":20}},"loc":{"start":{"line":669,"column":42},"end":{"line":663,"column":34}}}},"branchMap":{"0":{"loc":{"start":{"line":39,"column":6},"end":{"line":51,"column":7}},"type":"if","locations":[{"start":{"line":39,"column":6},"end":{"line":51,"column":7}},{"start":{"line":39,"column":6},"end":{"line":51,"column":7}}]},"1":{"loc":{"start":{"line":52,"column":6},"end":{"line":64,"column":7}},"type":"if","locations":[{"start":{"line":52,"column":6},"end":{"line":64,"column":7}},{"start":{"line":52,"column":6},"end":{"line":64,"column":7}}]},"2":{"loc":{"start":{"line":132,"column":6},"end":{"line":294,"column":7}},"type":"if","locations":[{"start":{"line":132,"column":6},"end":{"line":294,"column":7}},{"start":{"line":132,"column":6},"end":{"line":294,"column":7}}]},"3":{"loc":{"start":{"line":159,"column":13},"end":{"line":294,"column":7}},"type":"if","locations":[{"start":{"line":159,"column":13},"end":{"line":294,"column":7}},{"start":{"line":159,"column":13},"end":{"line":294,"column":7}}]},"4":{"loc":{"start":{"line":186,"column":13},"end":{"line":294,"column":7}},"type":"if","locations":[{"start":{"line":186,"column":13},"end":{"line":294,"column":7}},{"start":{"line":186,"column":13},"end":{"line":294,"column":7}}]},"5":{"loc":{"start":{"line":213,"column":13},"end":{"line":294,"column":7}},"type":"if","locations":[{"start":{"line":213,"column":13},"end":{"line":294,"column":7}},{"start":{"line":213,"column":13},"end":{"line":294,"column":7}}]},"6":{"loc":{"start":{"line":240,"column":13},"end":{"line":294,"column":7}},"type":"if","locations":[{"start":{"line":240,"column":13},"end":{"line":294,"column":7}},{"start":{"line":240,"column":13},"end":{"line":294,"column":7}}]},"7":{"loc":{"start":{"line":267,"column":13},"end":{"line":294,"column":7}},"type":"if","locations":[{"start":{"line":267,"column":13},"end":{"line":294,"column":7}},{"start":{"line":267,"column":13},"end":{"line":294,"column":7}}]},"8":{"loc":{"start":{"line":706,"column":6},"end":{"line":738,"column":7}},"type":"if","locations":[{"start":{"line":706,"column":6},"end":{"line":738,"column":7}},{"start":{"line":706,"column":6},"end":{"line":738,"column":7}}]}},"s":{"0":0,"1":0,"2":0,"3":0,"4":0,"5":0,"6":0,"7":0,"8":0,"9":0,"10":0,"11":0,"12":0,"13":0,"14":0,"15":0,"16":0,"17":0,"18":0,"19":0,"20":0,"21":0,"22":0,"23":0,"24":0,"25":0,"26":0,"27":0,"28":0,"29":0,"30":0,"31":0,"32":0,"33":0,"34":0,"35":0,"36":0,"37":0,"38":0,"39":0,"40":0,"41":0,"42":0,"43":0,"44":0,"45":0,"46":0,"47":0,"48":0,"49":0,"50":0,"51":0,"52":0,"53":0,"54":0,"55":0,"56":0,"57":0,"58":0,"59":0,"60":0,"61":0,"62":0,"63":0,"64":0,"65":0,"66":0,"67":0,"68":0,"69":0,"70":0,"71":0,"72":0,"73":0,"74":0,"75":0,"76":0,"77":0,"78":0,"79":0},"f":{"0":0,"1":0,"2":0,"3":0,"4":0,"5":0,"6":0,"7":0,"8":0,"9":0,"10":0,"11":0,"12":0,"13":0,"14":0,"15":0,"16":0},"b":{"0":[0,0],"1":[0,0],"2":[0,0],"3":[0,0],"4":[0,0],"5":[0,0],"6":[0,0],"7":[0,0],"8":[0,0]}}
,"D:\\VueProject\\lqmountain-park-web\\src\\pages\\Console\\index.vue": {"path":"D:\\VueProject\\lqmountain-park-web\\src\\pages\\Console\\index.vue","statementMap":{"0":{"start":{"line":23,"column":0},"end":{"line":null,"column":-1}},"1":{"start":{"line":24,"column":0},"end":{"line":null,"column":-1}},"2":{"start":{"line":25,"column":0},"end":{"line":null,"column":-1}},"3":{"start":{"line":26,"column":0},"end":{"line":null,"column":-1}},"4":{"start":{"line":29,"column":0},"end":{"line":null,"column":-1}}},"fnMap":{"0":{"name":"data","decl":{"start":{"line":28,"column":0},"end":{"line":null,"column":-1}},"loc":{"start":{"line":28,"column":0},"end":{"line":32,"column":0}}}},"branchMap":{},"s":{"0":0,"1":0,"2":0,"3":0,"4":0},"f":{"0":0},"b":{}}
,"D:\\VueProject\\lqmountain-park-web\\src\\pages\\Console\\Addcomponents\\cameraAdd.vue": {"path":"D:\\VueProject\\lqmountain-park-web\\src\\pages\\Console\\Addcomponents\\cameraAdd.vue","statementMap":{"0":{"start":{"line":35,"column":0},"end":{"line":null,"column":-1}},"1":{"start":{"line":38,"column":0},"end":{"line":null,"column":-1}},"2":{"start":{"line":64,"column":0},"end":{"line":null,"column":-1}},"3":{"start":{"line":67,"column":0},"end":{"line":null,"column":-1}}},"fnMap":{"0":{"name":"data","decl":{"start":{"line":37,"column":0},"end":{"line":null,"column":-1}},"loc":{"start":{"line":37,"column":0},"end":{"line":61,"column":0}}},"1":{"name":"cameraBack","decl":{"start":{"line":63,"column":0},"end":{"line":null,"column":-1}},"loc":{"start":{"line":63,"column":0},"end":{"line":65,"column":0}}},"2":{"name":"cameraSubmit","decl":{"start":{"line":66,"column":0},"end":{"line":null,"column":-1}},"loc":{"start":{"line":66,"column":0},"end":{"line":68,"column":0}}}},"branchMap":{},"s":{"0":0,"1":0,"2":0,"3":0},"f":{"0":0,"1":0,"2":0},"b":{}}
,"D:\\VueProject\\lqmountain-park-web\\src\\pages\\Console\\components\\NavMenu.vue": {"path":"D:\\VueProject\\lqmountain-park-web\\src\\pages\\Console\\components\\NavMenu.vue","statementMap":{"0":{"start":{"line":44,"column":0},"end":{"line":null,"column":-1}},"1":{"start":{"line":50,"column":0},"end":{"line":null,"column":-1}}},"fnMap":{"0":{"name":"data","decl":{"start":{"line":43,"column":0},"end":{"line":null,"column":-1}},"loc":{"start":{"line":43,"column":0},"end":{"line":47,"column":0}}},"1":{"name":"handleClick","decl":{"start":{"line":49,"column":0},"end":{"line":null,"column":-1}},"loc":{"start":{"line":49,"column":0},"end":{"line":51,"column":0}}}},"branchMap":{},"s":{"0":0,"1":0},"f":{"0":0,"1":0},"b":{}}
,"D:\\VueProject\\lqmountain-park-web\\src\\pages\\Console\\components\\camera.vue": {"path":"D:\\VueProject\\lqmountain-park-web\\src\\pages\\Console\\components\\camera.vue","statementMap":{"0":{"start":{"line":125,"column":0},"end":{"line":null,"column":-1}},"1":{"start":{"line":126,"column":0},"end":{"line":null,"column":-1}},"2":{"start":{"line":130,"column":0},"end":{"line":null,"column":-1}},"3":{"start":{"line":183,"column":0},"end":{"line":null,"column":-1}},"4":{"start":{"line":187,"column":0},"end":{"line":null,"column":-1}},"5":{"start":{"line":190,"column":0},"end":{"line":null,"column":-1}},"6":{"start":{"line":193,"column":0},"end":{"line":null,"column":-1}},"7":{"start":{"line":196,"column":0},"end":{"line":null,"column":-1}},"8":{"start":{"line":199,"column":0},"end":{"line":null,"column":-1}},"9":{"start":{"line":202,"column":0},"end":{"line":null,"column":-1}},"10":{"start":{"line":206,"column":0},"end":{"line":null,"column":-1}},"11":{"start":{"line":207,"column":0},"end":{"line":null,"column":-1}},"12":{"start":{"line":211,"column":0},"end":{"line":null,"column":-1}},"13":{"start":{"line":212,"column":0},"end":{"line":null,"column":-1}},"14":{"start":{"line":219,"column":0},"end":{"line":null,"column":-1}},"15":{"start":{"line":222,"column":0},"end":{"line":null,"column":-1}},"16":{"start":{"line":229,"column":0},"end":{"line":null,"column":-1}}},"fnMap":{"0":{"name":"data","decl":{"start":{"line":129,"column":0},"end":{"line":null,"column":-1}},"loc":{"start":{"line":129,"column":0},"end":{"line":180,"column":0}}},"1":{"name":"handleCurrentChange","decl":{"start":{"line":182,"column":0},"end":{"line":null,"column":-1}},"loc":{"start":{"line":182,"column":0},"end":{"line":185,"column":0}}},"2":{"name":"handleClickDelete","decl":{"start":{"line":186,"column":0},"end":{"line":null,"column":-1}},"loc":{"start":{"line":186,"column":0},"end":{"line":188,"column":0}}},"3":{"name":"DeletedhandleClose","decl":{"start":{"line":189,"column":0},"end":{"line":null,"column":-1}},"loc":{"start":{"line":189,"column":0},"end":{"line":191,"column":0}}},"4":{"name":"handleClickDisable","decl":{"start":{"line":192,"column":0},"end":{"line":null,"column":-1}},"loc":{"start":{"line":192,"column":0},"end":{"line":194,"column":0}}},"5":{"name":"DisablehandleClose","decl":{"start":{"line":195,"column":0},"end":{"line":null,"column":-1}},"loc":{"start":{"line":195,"column":0},"end":{"line":197,"column":0}}},"6":{"name":"handleClickEnable","decl":{"start":{"line":198,"column":0},"end":{"line":null,"column":-1}},"loc":{"start":{"line":198,"column":0},"end":{"line":200,"column":0}}},"7":{"name":"EnablehandleClose","decl":{"start":{"line":201,"column":0},"end":{"line":null,"column":-1}},"loc":{"start":{"line":201,"column":0},"end":{"line":203,"column":0}}},"8":{"name":"Disable","decl":{"start":{"line":205,"column":0},"end":{"line":null,"column":-1}},"loc":{"start":{"line":205,"column":0},"end":{"line":208,"column":0}}},"9":{"name":"Enable","decl":{"start":{"line":210,"column":0},"end":{"line":null,"column":-1}},"loc":{"start":{"line":210,"column":0},"end":{"line":213,"column":0}}},"10":{"name":"cameraAdd","decl":{"start":{"line":217,"column":0},"end":{"line":null,"column":-1}},"loc":{"start":{"line":217,"column":0},"end":{"line":220,"column":0}}},"11":{"name":"getcameraFormSon","decl":{"start":{"line":221,"column":0},"end":{"line":null,"column":-1}},"loc":{"start":{"line":221,"column":0},"end":{"line":223,"column":0}}},"12":{"name":"created","decl":{"start":{"line":228,"column":0},"end":{"line":null,"column":-1}},"loc":{"start":{"line":228,"column":0},"end":{"line":230,"column":0}}}},"branchMap":{},"s":{"0":0,"1":0,"2":0,"3":0,"4":0,"5":0,"6":0,"7":0,"8":0,"9":0,"10":0,"11":0,"12":0,"13":0,"14":0,"15":0,"16":0},"f":{"0":0,"1":0,"2":0,"3":0,"4":0,"5":0,"6":0,"7":0,"8":0,"9":0,"10":0,"11":0,"12":0},"b":{}}
,"D:\\VueProject\\lqmountain-park-web\\src\\pages\\Console\\components\\demonstrations.vue": {"path":"D:\\VueProject\\lqmountain-park-web\\src\\pages\\Console\\components\\demonstrations.vue","statementMap":{"0":{"start":{"line":10,"column":0},"end":{"line":null,"column":-1}}},"fnMap":{"0":{"name":"data","decl":{"start":{"line":9,"column":0},"end":{"line":null,"column":-1}},"loc":{"start":{"line":9,"column":0},"end":{"line":13,"column":0}}}},"branchMap":{},"s":{"0":0},"f":{"0":0},"b":{}}
,"D:\\VueProject\\lqmountain-park-web\\src\\pages\\Console\\components\\information.vue": {"path":"D:\\VueProject\\lqmountain-park-web\\src\\pages\\Console\\components\\information.vue","statementMap":{"0":{"start":{"line":10,"column":0},"end":{"line":null,"column":-1}}},"fnMap":{"0":{"name":"data","decl":{"start":{"line":9,"column":0},"end":{"line":null,"column":-1}},"loc":{"start":{"line":9,"column":0},"end":{"line":13,"column":0}}}},"branchMap":{},"s":{"0":0},"f":{"0":0},"b":{}}
,"D:\\VueProject\\lqmountain-park-web\\src\\pages\\Console\\components\\logs.vue": {"path":"D:\\VueProject\\lqmountain-park-web\\src\\pages\\Console\\components\\logs.vue","statementMap":{"0":{"start":{"line":10,"column":0},"end":{"line":null,"column":-1}}},"fnMap":{"0":{"name":"data","decl":{"start":{"line":9,"column":0},"end":{"line":null,"column":-1}},"loc":{"start":{"line":9,"column":0},"end":{"line":13,"column":0}}}},"branchMap":{},"s":{"0":0},"f":{"0":0},"b":{}}
,"D:\\VueProject\\lqmountain-park-web\\src\\pages\\Console\\components\\sensor.vue": {"path":"D:\\VueProject\\lqmountain-park-web\\src\\pages\\Console\\components\\sensor.vue","statementMap":{"0":{"start":{"line":86,"column":0},"end":{"line":null,"column":-1}},"1":{"start":{"line":87,"column":0},"end":{"line":null,"column":-1}},"2":{"start":{"line":88,"column":0},"end":{"line":null,"column":-1}},"3":{"start":{"line":93,"column":0},"end":{"line":null,"column":-1}},"4":{"start":{"line":145,"column":0},"end":{"line":null,"column":-1}},"5":{"start":{"line":149,"column":0},"end":{"line":null,"column":-1}},"6":{"start":{"line":152,"column":0},"end":{"line":null,"column":-1}},"7":{"start":{"line":155,"column":0},"end":{"line":null,"column":-1}},"8":{"start":{"line":158,"column":0},"end":{"line":null,"column":-1}},"9":{"start":{"line":159,"column":0},"end":{"line":null,"column":-1}},"10":{"start":{"line":160,"column":0},"end":{"line":null,"column":-1}},"11":{"start":{"line":163,"column":0},"end":{"line":null,"column":-1}},"12":{"start":{"line":164,"column":0},"end":{"line":null,"column":-1}},"13":{"start":{"line":165,"column":0},"end":{"line":null,"column":-1}},"14":{"start":{"line":171,"column":0},"end":{"line":null,"column":-1}},"15":{"start":{"line":174,"column":0},"end":{"line":null,"column":-1}}},"fnMap":{"0":{"name":"data","decl":{"start":{"line":92,"column":0},"end":{"line":null,"column":-1}},"loc":{"start":{"line":92,"column":0},"end":{"line":142,"column":0}}},"1":{"name":"handleCurrentChange","decl":{"start":{"line":144,"column":0},"end":{"line":null,"column":-1}},"loc":{"start":{"line":144,"column":0},"end":{"line":147,"column":0}}},"2":{"name":"handleClose","decl":{"start":{"line":148,"column":0},"end":{"line":null,"column":-1}},"loc":{"start":{"line":148,"column":0},"end":{"line":150,"column":0}}},"3":{"name":"EdithandleClose","decl":{"start":{"line":151,"column":0},"end":{"line":null,"column":-1}},"loc":{"start":{"line":151,"column":0},"end":{"line":153,"column":0}}},"4":{"name":"SeehandleClose","decl":{"start":{"line":154,"column":0},"end":{"line":null,"column":-1}},"loc":{"start":{"line":154,"column":0},"end":{"line":156,"column":0}}},"5":{"name":"handleClickEdit","decl":{"start":{"line":157,"column":0},"end":{"line":null,"column":-1}},"loc":{"start":{"line":157,"column":0},"end":{"line":161,"column":0}}},"6":{"name":"handleClickSee","decl":{"start":{"line":162,"column":0},"end":{"line":null,"column":-1}},"loc":{"start":{"line":162,"column":0},"end":{"line":166,"column":0}}},"7":{"name":"handleClickDelete","decl":{"start":{"line":170,"column":0},"end":{"line":null,"column":-1}},"loc":{"start":{"line":170,"column":0},"end":{"line":172,"column":0}}},"8":{"name":"DeletedhandleClose","decl":{"start":{"line":173,"column":0},"end":{"line":null,"column":-1}},"loc":{"start":{"line":173,"column":0},"end":{"line":175,"column":0}}}},"branchMap":{},"s":{"0":0,"1":0,"2":0,"3":0,"4":0,"5":0,"6":0,"7":0,"8":0,"9":0,"10":0,"11":0,"12":0,"13":0,"14":0,"15":0},"f":{"0":0,"1":0,"2":0,"3":0,"4":0,"5":0,"6":0,"7":0,"8":0},"b":{}}
,"D:\\VueProject\\lqmountain-park-web\\src\\pages\\Console\\components\\user.vue": {"path":"D:\\VueProject\\lqmountain-park-web\\src\\pages\\Console\\components\\user.vue","statementMap":{"0":{"start":{"line":84,"column":0},"end":{"line":null,"column":-1}},"1":{"start":{"line":85,"column":0},"end":{"line":null,"column":-1}},"2":{"start":{"line":86,"column":0},"end":{"line":null,"column":-1}},"3":{"start":{"line":87,"column":0},"end":{"line":null,"column":-1}},"4":{"start":{"line":92,"column":0},"end":{"line":null,"column":-1}},"5":{"start":{"line":118,"column":0},"end":{"line":null,"column":-1}},"6":{"start":{"line":122,"column":0},"end":{"line":null,"column":-1}},"7":{"start":{"line":125,"column":0},"end":{"line":null,"column":-1}},"8":{"start":{"line":128,"column":0},"end":{"line":null,"column":-1}},"9":{"start":{"line":131,"column":0},"end":{"line":null,"column":-1}},"10":{"start":{"line":132,"column":0},"end":{"line":138,"column":0}},"11":{"start":{"line":133,"column":0},"end":{"line":null,"column":-1}},"12":{"start":{"line":136,"column":0},"end":{"line":null,"column":-1}},"13":{"start":{"line":141,"column":0},"end":{"line":null,"column":-1}},"14":{"start":{"line":142,"column":0},"end":{"line":null,"column":-1}},"15":{"start":{"line":143,"column":0},"end":{"line":null,"column":-1}},"16":{"start":{"line":149,"column":0},"end":{"line":null,"column":-1}},"17":{"start":{"line":152,"column":0},"end":{"line":null,"column":-1}},"18":{"start":{"line":154,"column":0},"end":{"line":null,"column":-1}},"19":{"start":{"line":156,"column":0},"end":{"line":null,"column":-1}},"20":{"start":{"line":157,"column":0},"end":{"line":null,"column":-1}},"21":{"start":{"line":158,"column":0},"end":{"line":null,"column":-1}},"22":{"start":{"line":159,"column":0},"end":{"line":null,"column":-1}},"23":{"start":{"line":161,"column":0},"end":{"line":165,"column":0}},"24":{"start":{"line":162,"column":0},"end":{"line":null,"column":-1}},"25":{"start":{"line":163,"column":0},"end":{"line":null,"column":-1}},"26":{"start":{"line":164,"column":0},"end":{"line":null,"column":-1}},"27":{"start":{"line":168,"column":0},"end":{"line":null,"column":-1}},"28":{"start":{"line":170,"column":0},"end":{"line":null,"column":-1}},"29":{"start":{"line":171,"column":0},"end":{"line":null,"column":-1}},"30":{"start":{"line":172,"column":0},"end":{"line":null,"column":-1}},"31":{"start":{"line":173,"column":0},"end":{"line":null,"column":-1}},"32":{"start":{"line":184,"column":0},"end":{"line":null,"column":-1}}},"fnMap":{"0":{"name":"data","decl":{"start":{"line":91,"column":0},"end":{"line":null,"column":-1}},"loc":{"start":{"line":91,"column":0},"end":{"line":115,"column":0}}},"1":{"name":"handleCurrentChange","decl":{"start":{"line":117,"column":0},"end":{"line":null,"column":-1}},"loc":{"start":{"line":117,"column":0},"end":{"line":120,"column":0}}},"2":{"name":"handleClose","decl":{"start":{"line":121,"column":0},"end":{"line":null,"column":-1}},"loc":{"start":{"line":121,"column":0},"end":{"line":123,"column":0}}},"3":{"name":"EdithandleClose","decl":{"start":{"line":124,"column":0},"end":{"line":null,"column":-1}},"loc":{"start":{"line":124,"column":0},"end":{"line":126,"column":0}}},"4":{"name":"SeehandleClose","decl":{"start":{"line":127,"column":0},"end":{"line":null,"column":-1}},"loc":{"start":{"line":127,"column":0},"end":{"line":129,"column":0}}},"5":{"name":"handleClickEdit","decl":{"start":{"line":130,"column":0},"end":{"line":null,"column":-1}},"loc":{"start":{"line":130,"column":0},"end":{"line":139,"column":0}}},"6":{"name":"handleClickSee","decl":{"start":{"line":140,"column":0},"end":{"line":null,"column":-1}},"loc":{"start":{"line":140,"column":0},"end":{"line":144,"column":0}}},"7":{"name":"handleClickDelete","decl":{"start":{"line":148,"column":0},"end":{"line":null,"column":-1}},"loc":{"start":{"line":148,"column":0},"end":{"line":150,"column":0}}},"8":{"name":"DeletedhandleClose","decl":{"start":{"line":151,"column":0},"end":{"line":null,"column":-1}},"loc":{"start":{"line":151,"column":0},"end":{"line":153,"column":0}}},"9":{"name":"getTableData","decl":{"start":{"line":154,"column":0},"end":{"line":null,"column":-1}},"loc":{"start":{"line":154,"column":0},"end":{"line":167,"column":0}}},"10":{"name":"getEditTableData","decl":{"start":{"line":168,"column":0},"end":{"line":null,"column":-1}},"loc":{"start":{"line":168,"column":0},"end":{"line":176,"column":0}}},"11":{"name":"mounted","decl":{"start":{"line":183,"column":0},"end":{"line":null,"column":-1}},"loc":{"start":{"line":183,"column":0},"end":{"line":185,"column":0}}}},"branchMap":{"0":{"loc":{"start":{"line":132,"column":0},"end":{"line":138,"column":0}},"type":"if","locations":[{"start":{"line":132,"column":0},"end":{"line":138,"column":0}},{"start":{"line":132,"column":0},"end":{"line":138,"column":0}}]},"1":{"loc":{"start":{"line":154,"column":0},"end":{"line":null,"column":-1}},"type":"switch","locations":[{"start":{"line":154,"column":0},"end":{"line":null,"column":-1}},{"start":{"line":154,"column":0},"end":{"line":null,"column":-1}},{"start":{"line":154,"column":0},"end":{"line":165,"column":0}},{"start":{"line":154,"column":0},"end":{"line":null,"column":-1}},{"start":{"line":154,"column":0},"end":{"line":null,"column":-1}}]},"2":{"loc":{"start":{"line":161,"column":0},"end":{"line":165,"column":0}},"type":"if","locations":[{"start":{"line":161,"column":0},"end":{"line":165,"column":0}},{"start":{"line":161,"column":0},"end":{"line":165,"column":0}}]},"3":{"loc":{"start":{"line":168,"column":0},"end":{"line":null,"column":-1}},"type":"switch","locations":[{"start":{"line":168,"column":0},"end":{"line":null,"column":-1}},{"start":{"line":168,"column":0},"end":{"line":null,"column":-1}},{"start":{"line":168,"column":0},"end":{"line":null,"column":-1}},{"start":{"line":168,"column":0},"end":{"line":null,"column":-1}},{"start":{"line":168,"column":0},"end":{"line":null,"column":-1}}]}},"s":{"0":0,"1":0,"2":0,"3":0,"4":0,"5":0,"6":0,"7":0,"8":0,"9":0,"10":0,"11":0,"12":0,"13":0,"14":0,"15":0,"16":0,"17":0,"18":0,"19":0,"20":0,"21":0,"22":0,"23":0,"24":0,"25":0,"26":0,"27":0,"28":0,"29":0,"30":0,"31":0,"32":0},"f":{"0":0,"1":0,"2":0,"3":0,"4":0,"5":0,"6":0,"7":0,"8":0,"9":0,"10":0,"11":0},"b":{"0":[0,0],"1":[0,0,0,0,0],"2":[0,0],"3":[0,0,0,0,0]}}
,"D:\\VueProject\\lqmountain-park-web\\src\\pages\\Console\\components\\children\\UserAddDialog.vue": {"path":"D:\\VueProject\\lqmountain-park-web\\src\\pages\\Console\\components\\children\\UserAddDialog.vue","statementMap":{"0":{"start":{"line":38,"column":0},"end":{"line":null,"column":-1}},"1":{"start":{"line":41,"column":0},"end":{"line":null,"column":-1}},"2":{"start":{"line":59,"column":0},"end":{"line":null,"column":-1}},"3":{"start":{"line":60,"column":0},"end":{"line":null,"column":-1}},"4":{"start":{"line":61,"column":0},"end":{"line":66,"column":0}},"5":{"start":{"line":62,"column":0},"end":{"line":null,"column":-1}},"6":{"start":{"line":63,"column":0},"end":{"line":null,"column":-1}},"7":{"start":{"line":65,"column":0},"end":{"line":null,"column":-1}},"8":{"start":{"line":69,"column":0},"end":{"line":null,"column":-1}},"9":{"start":{"line":76,"column":0},"end":{"line":null,"column":-1}},"10":{"start":{"line":79,"column":0},"end":{"line":null,"column":-1}},"11":{"start":{"line":86,"column":0},"end":{"line":null,"column":-1}},"12":{"start":{"line":88,"column":0},"end":{"line":null,"column":-1}},"13":{"start":{"line":90,"column":0},"end":{"line":null,"column":-1}},"14":{"start":{"line":91,"column":0},"end":{"line":null,"column":-1}},"15":{"start":{"line":92,"column":0},"end":{"line":null,"column":-1}},"16":{"start":{"line":93,"column":0},"end":{"line":null,"column":-1}},"17":{"start":{"line":95,"column":0},"end":{"line":null,"column":-1}},"18":{"start":{"line":96,"column":0},"end":{"line":98,"column":0}},"19":{"start":{"line":97,"column":0},"end":{"line":null,"column":-1}},"20":{"start":{"line":102,"column":0},"end":{"line":null,"column":-1}}},"fnMap":{"0":{"name":"data","decl":{"start":{"line":40,"column":0},"end":{"line":null,"column":-1}},"loc":{"start":{"line":40,"column":0},"end":{"line":51,"column":0}}},"1":{"name":"userup","decl":{"start":{"line":58,"column":0},"end":{"line":null,"column":-1}},"loc":{"start":{"line":58,"column":0},"end":{"line":67,"column":0}}},"2":{"name":"Close","decl":{"start":{"line":68,"column":0},"end":{"line":null,"column":-1}},"loc":{"start":{"line":68,"column":0},"end":{"line":77,"column":0}}},"3":{"name":"userdown","decl":{"start":{"line":78,"column":0},"end":{"line":null,"column":-1}},"loc":{"start":{"line":78,"column":0},"end":{"line":87,"column":0}}},"4":{"name":"getTableData","decl":{"start":{"line":88,"column":0},"end":{"line":null,"column":-1}},"loc":{"start":{"line":88,"column":0},"end":{"line":100,"column":0}}},"5":{"name":"open1","decl":{"start":{"line":101,"column":0},"end":{"line":null,"column":-1}},"loc":{"start":{"line":101,"column":0},"end":{"line":103,"column":0}}}},"branchMap":{"0":{"loc":{"start":{"line":61,"column":0},"end":{"line":66,"column":0}},"type":"if","locations":[{"start":{"line":61,"column":0},"end":{"line":66,"column":0}},{"start":{"line":61,"column":0},"end":{"line":66,"column":0}}]},"1":{"loc":{"start":{"line":88,"column":0},"end":{"line":null,"column":-1}},"type":"switch","locations":[{"start":{"line":88,"column":0},"end":{"line":null,"column":-1}},{"start":{"line":88,"column":0},"end":{"line":null,"column":-1}},{"start":{"line":88,"column":0},"end":{"line":98,"column":0}},{"start":{"line":88,"column":0},"end":{"line":null,"column":-1}},{"start":{"line":88,"column":0},"end":{"line":null,"column":-1}}]},"2":{"loc":{"start":{"line":96,"column":0},"end":{"line":98,"column":0}},"type":"if","locations":[{"start":{"line":96,"column":0},"end":{"line":98,"column":0}},{"start":{"line":96,"column":0},"end":{"line":98,"column":0}}]}},"s":{"0":0,"1":0,"2":0,"3":0,"4":0,"5":0,"6":0,"7":0,"8":0,"9":0,"10":0,"11":0,"12":0,"13":0,"14":0,"15":0,"16":0,"17":0,"18":0,"19":0,"20":0},"f":{"0":0,"1":0,"2":0,"3":0,"4":0,"5":0},"b":{"0":[0,0],"1":[0,0,0,0,0],"2":[0,0]}}
,"D:\\VueProject\\lqmountain-park-web\\src\\pages\\Console\\components\\children\\UserEditDialog.vue": {"path":"D:\\VueProject\\lqmountain-park-web\\src\\pages\\Console\\components\\children\\UserEditDialog.vue","statementMap":{"0":{"start":{"line":38,"column":0},"end":{"line":null,"column":-1}},"1":{"start":{"line":41,"column":0},"end":{"line":null,"column":-1}},"2":{"start":{"line":65,"column":0},"end":{"line":null,"column":-1}},"3":{"start":{"line":66,"column":0},"end":{"line":null,"column":-1}},"4":{"start":{"line":67,"column":0},"end":{"line":null,"column":-1}},"5":{"start":{"line":68,"column":0},"end":{"line":null,"column":-1}},"6":{"start":{"line":71,"column":0},"end":{"line":null,"column":-1}},"7":{"start":{"line":74,"column":0},"end":{"line":null,"column":-1}},"8":{"start":{"line":76,"column":0},"end":{"line":null,"column":-1}},"9":{"start":{"line":79,"column":0},"end":{"line":null,"column":-1}},"10":{"start":{"line":80,"column":0},"end":{"line":null,"column":-1}},"11":{"start":{"line":81,"column":0},"end":{"line":null,"column":-1}},"12":{"start":{"line":83,"column":0},"end":{"line":null,"column":-1}},"13":{"start":{"line":85,"column":0},"end":{"line":null,"column":-1}},"14":{"start":{"line":97,"column":0},"end":{"line":null,"column":-1}},"15":{"start":{"line":98,"column":0},"end":{"line":null,"column":-1}},"16":{"start":{"line":99,"column":0},"end":{"line":null,"column":-1}},"17":{"start":{"line":100,"column":0},"end":{"line":null,"column":-1}}},"fnMap":{"0":{"name":"data","decl":{"start":{"line":40,"column":0},"end":{"line":null,"column":-1}},"loc":{"start":{"line":40,"column":0},"end":{"line":53,"column":0}}},"1":{"name":"userup","decl":{"start":{"line":63,"column":0},"end":{"line":null,"column":-1}},"loc":{"start":{"line":63,"column":0},"end":{"line":69,"column":0}}},"2":{"name":"Close","decl":{"start":{"line":70,"column":0},"end":{"line":null,"column":-1}},"loc":{"start":{"line":70,"column":0},"end":{"line":72,"column":0}}},"3":{"name":"userdown","decl":{"start":{"line":73,"column":0},"end":{"line":null,"column":-1}},"loc":{"start":{"line":73,"column":0},"end":{"line":75,"column":0}}},"4":{"name":"getTableData","decl":{"start":{"line":76,"column":0},"end":{"line":null,"column":-1}},"loc":{"start":{"line":76,"column":0},"end":{"line":89,"column":0}}},"5":{"name":"mounted","decl":{"start":{"line":91,"column":0},"end":{"line":null,"column":-1}},"loc":{"start":{"line":91,"column":0},"end":{"line":94,"column":0}}},"6":{"name":"editdata","decl":{"start":{"line":96,"column":0},"end":{"line":null,"column":-1}},"loc":{"start":{"line":96,"column":0},"end":{"line":101,"column":0}}}},"branchMap":{"0":{"loc":{"start":{"line":76,"column":0},"end":{"line":null,"column":-1}},"type":"switch","locations":[{"start":{"line":76,"column":0},"end":{"line":null,"column":-1}},{"start":{"line":76,"column":0},"end":{"line":null,"column":-1}},{"start":{"line":76,"column":0},"end":{"line":85,"column":0}},{"start":{"line":76,"column":0},"end":{"line":null,"column":-1}},{"start":{"line":76,"column":0},"end":{"line":null,"column":-1}},{"start":{"line":76,"column":0},"end":{"line":null,"column":-1}},{"start":{"line":76,"column":0},"end":{"line":null,"column":-1}}]},"1":{"loc":{"start":{"line":76,"column":0},"end":{"line":null,"column":-1}},"type":"if","locations":[{"start":{"line":76,"column":0},"end":{"line":null,"column":-1}},{"start":{"line":76,"column":0},"end":{"line":null,"column":-1}}]}},"s":{"0":0,"1":0,"2":0,"3":0,"4":0,"5":0,"6":0,"7":0,"8":0,"9":0,"10":0,"11":0,"12":0,"13":0,"14":0,"15":0,"16":0,"17":0},"f":{"0":0,"1":0,"2":0,"3":0,"4":0,"5":0,"6":0},"b":{"0":[0,0,0,0,0,0,0],"1":[0,0]}}
,"D:\\VueProject\\lqmountain-park-web\\src\\pages\\Console\\components\\children\\UserSeeDialog.vue": {"path":"D:\\VueProject\\lqmountain-park-web\\src\\pages\\Console\\components\\children\\UserSeeDialog.vue","statementMap":{"0":{"start":{"line":37,"column":0},"end":{"line":null,"column":-1}},"1":{"start":{"line":60,"column":0},"end":{"line":null,"column":-1}},"2":{"start":{"line":63,"column":0},"end":{"line":null,"column":-1}},"3":{"start":{"line":66,"column":0},"end":{"line":null,"column":-1}}},"fnMap":{"0":{"name":"data","decl":{"start":{"line":36,"column":0},"end":{"line":null,"column":-1}},"loc":{"start":{"line":36,"column":0},"end":{"line":46,"column":0}}},"1":{"name":"userup","decl":{"start":{"line":57,"column":0},"end":{"line":null,"column":-1}},"loc":{"start":{"line":57,"column":0},"end":{"line":61,"column":0}}},"2":{"name":"Close","decl":{"start":{"line":62,"column":0},"end":{"line":null,"column":-1}},"loc":{"start":{"line":62,"column":0},"end":{"line":64,"column":0}}},"3":{"name":"userdown","decl":{"start":{"line":65,"column":0},"end":{"line":null,"column":-1}},"loc":{"start":{"line":65,"column":0},"end":{"line":67,"column":0}}},"4":{"name":"mounted","decl":{"start":{"line":69,"column":0},"end":{"line":null,"column":-1}},"loc":{"start":{"line":69,"column":0},"end":{"line":71,"column":0}}}},"branchMap":{},"s":{"0":0,"1":0,"2":0,"3":0},"f":{"0":0,"1":0,"2":0,"3":0,"4":0},"b":{}}
,"D:\\VueProject\\lqmountain-park-web\\src\\pages\\DecisionMaking\\index.vue": {"path":"D:\\VueProject\\lqmountain-park-web\\src\\pages\\DecisionMaking\\index.vue","statementMap":{"0":{"start":{"line":20,"column":0},"end":{"line":null,"column":-1}},"1":{"start":{"line":21,"column":0},"end":{"line":null,"column":-1}},"2":{"start":{"line":25,"column":0},"end":{"line":null,"column":-1}}},"fnMap":{"0":{"name":"data","decl":{"start":{"line":24,"column":0},"end":{"line":null,"column":-1}},"loc":{"start":{"line":24,"column":0},"end":{"line":28,"column":0}}}},"branchMap":{},"s":{"0":0,"1":0,"2":0},"f":{"0":0},"b":{}}
,"D:\\VueProject\\lqmountain-park-web\\src\\pages\\DecisionMaking\\components\\EchartsBar.vue": {"path":"D:\\VueProject\\lqmountain-park-web\\src\\pages\\DecisionMaking\\components\\EchartsBar.vue","statementMap":{"0":{"start":{"line":14,"column":0},"end":{"line":null,"column":-1}},"1":{"start":{"line":24,"column":0},"end":{"line":null,"column":-1}},"2":{"start":{"line":28,"column":0},"end":{"line":null,"column":-1}},"3":{"start":{"line":29,"column":0},"end":{"line":null,"column":-1}},"4":{"start":{"line":30,"column":0},"end":{"line":null,"column":-1}},"5":{"start":{"line":33,"column":0},"end":{"line":null,"column":-1}},"6":{"start":{"line":50,"column":0},"end":{"line":null,"column":-1}},"7":{"start":{"line":51,"column":0},"end":{"line":null,"column":-1}},"8":{"start":{"line":129,"column":0},"end":{"line":null,"column":-1}},"9":{"start":{"line":130,"column":0},"end":{"line":134,"column":0}},"10":{"start":{"line":131,"column":0},"end":{"line":133,"column":0}},"11":{"start":{"line":132,"column":0},"end":{"line":null,"column":-1}}},"fnMap":{"0":{"name":"data","decl":{"start":{"line":13,"column":0},"end":{"line":null,"column":-1}},"loc":{"start":{"line":13,"column":0},"end":{"line":16,"column":0}}},"1":{"name":"mounted","decl":{"start":{"line":23,"column":0},"end":{"line":null,"column":-1}},"loc":{"start":{"line":23,"column":0},"end":{"line":25,"column":0}}},"2":{"name":"myChartBar","decl":{"start":{"line":27,"column":0},"end":{"line":null,"column":-1}},"loc":{"start":{"line":27,"column":0},"end":{"line":135,"column":0}}},"3":{"name":"formatter","decl":{"start":{"line":49,"column":0},"end":{"line":null,"column":-1}},"loc":{"start":{"line":49,"column":0},"end":{"line":57,"column":0}}},"4":{"name":"(anonymous_5)","decl":{"start":{"line":130,"column":0},"end":{"line":null,"column":-1}},"loc":{"start":{"line":130,"column":0},"end":{"line":134,"column":0}}}},"branchMap":{"0":{"loc":{"start":{"line":131,"column":0},"end":{"line":133,"column":0}},"type":"if","locations":[{"start":{"line":131,"column":0},"end":{"line":133,"column":0}},{"start":{"line":131,"column":0},"end":{"line":133,"column":0}}]}},"s":{"0":0,"1":0,"2":0,"3":0,"4":0,"5":0,"6":0,"7":0,"8":0,"9":0,"10":0,"11":0},"f":{"0":0,"1":0,"2":0,"3":0,"4":0},"b":{"0":[0,0]}}
,"D:\\VueProject\\lqmountain-park-web\\src\\pages\\DecisionMaking\\components\\demonstration.vue": {"path":"D:\\VueProject\\lqmountain-park-web\\src\\pages\\DecisionMaking\\components\\demonstration.vue","statementMap":{"0":{"start":{"line":10,"column":0},"end":{"line":null,"column":-1}}},"fnMap":{"0":{"name":"data","decl":{"start":{"line":9,"column":0},"end":{"line":null,"column":-1}},"loc":{"start":{"line":9,"column":0},"end":{"line":13,"column":0}}}},"branchMap":{},"s":{"0":0},"f":{"0":0},"b":{}}
,"D:\\VueProject\\lqmountain-park-web\\src\\pages\\DecisionMaking\\components\\drilling.vue": {"path":"D:\\VueProject\\lqmountain-park-web\\src\\pages\\DecisionMaking\\components\\drilling.vue","statementMap":{"0":{"start":{"line":10,"column":0},"end":{"line":null,"column":-1}}},"fnMap":{"0":{"name":"data","decl":{"start":{"line":9,"column":0},"end":{"line":null,"column":-1}},"loc":{"start":{"line":9,"column":0},"end":{"line":13,"column":0}}}},"branchMap":{},"s":{"0":0},"f":{"0":0},"b":{}}
,"D:\\VueProject\\lqmountain-park-web\\src\\pages\\DecisionMaking\\components\\geological.vue": {"path":"D:\\VueProject\\lqmountain-park-web\\src\\pages\\DecisionMaking\\components\\geological.vue","statementMap":{"0":{"start":{"line":10,"column":0},"end":{"line":null,"column":-1}}},"fnMap":{"0":{"name":"data","decl":{"start":{"line":9,"column":0},"end":{"line":null,"column":-1}},"loc":{"start":{"line":9,"column":0},"end":{"line":13,"column":0}}}},"branchMap":{},"s":{"0":0},"f":{"0":0},"b":{}}
,"D:\\VueProject\\lqmountain-park-web\\src\\pages\\DecisionMaking\\components\\geothermal.vue": {"path":"D:\\VueProject\\lqmountain-park-web\\src\\pages\\DecisionMaking\\components\\geothermal.vue","statementMap":{"0":{"start":{"line":10,"column":0},"end":{"line":null,"column":-1}}},"fnMap":{"0":{"name":"data","decl":{"start":{"line":9,"column":0},"end":{"line":null,"column":-1}},"loc":{"start":{"line":9,"column":0},"end":{"line":13,"column":0}}}},"branchMap":{},"s":{"0":0},"f":{"0":0},"b":{}}
[...]
e":41,"column":0},"end":{"line":44,"column":0}}},"2":{"name":"isActive2","decl":{"start":{"line":45,"column":0},"end":{"line":null,"column":-1}},"loc":{"start":{"line":45,"column":0},"end":{"line":47,"column":0}}},"3":{"name":"isActive3","decl":{"start":{"line":48,"column":0},"end":{"line":null,"column":-1}},"loc":{"start":{"line":48,"column":0},"end":{"line":50,"column":0}}},"4":{"name":"mounted","decl":{"start":{"line":52,"column":0},"end":{"line":null,"column":-1}},"loc":{"start":{"line":52,"column":0},"end":{"line":54,"column":0}}},"5":{"name":"initMap","decl":{"start":{"line":56,"column":0},"end":{"line":null,"column":-1}},"loc":{"start":{"line":56,"column":0},"end":{"line":204,"column":0}}},"6":{"name":"style","decl":{"start":{"line":90,"column":0},"end":{"line":null,"column":-1}},"loc":{"start":{"line":90,"column":0},"end":{"line":111,"column":0}}},"7":{"name":"style","decl":{"start":{"line":123,"column":0},"end":{"line":null,"column":-1}},"loc":{"start":{"line":123,"column":0},"end":{"line":149,"column":0}}},"8":{"name":"(anonymous_11)","decl":{"start":{"line":170,"column":0},"end":{"line":null,"column":-1}},"loc":{"start":{"line":170,"column":0},"end":{"line":185,"column":0}}},"9":{"name":"(anonymous_12)","decl":{"start":{"line":174,"column":0},"end":{"line":null,"column":-1}},"loc":{"start":{"line":174,"column":0},"end":{"line":177,"column":0}}}},"branchMap":{"0":{"loc":{"start":{"line":178,"column":0},"end":{"line":184,"column":0}},"type":"if","locations":[{"start":{"line":178,"column":0},"end":{"line":184,"column":0}},{"start":{"line":178,"column":0},"end":{"line":184,"column":0}}]},"1":{"loc":{"start":{"line":178,"column":0},"end":{"line":null,"column":-1}},"type":"binary-expr","locations":[{"start":{"line":178,"column":0},"end":{"line":null,"column":-1}},{"start":{"line":178,"column":0},"end":{"line":null,"column":-1}},{"start":{"line":178,"column":0},"end":{"line":null,"column":-1}}]}},"s":{"0":0,"1":0,"2":0,"3":0,"4":0,"5":0,"6":0,"7":0,"8":0,"9":0,"10":0,"11":0,"12":0,"13":0,"14":0,"15":0,"16":0,"17":0,"18":0,"19":0,"20":0,"21":0,"22":0,"23":0,"24":0,"25":0,"26":0,"27":0,"28":0,"29":0,"30":0,"31":0,"32":0,"33":0,"34":0,"35":0,"36":0,"37":0},"f":{"0":0,"1":0,"2":0,"3":0,"4":0,"5":0,"6":0,"7":0,"8":0,"9":0},"b":{"0":[0,0],"1":[0,0,0]}}
,"D:\\VueProject\\lqmountain-park-web\\src\\pages\\Login\\index.vue": {"path":"D:\\VueProject\\lqmountain-park-web\\src\\pages\\Login\\index.vue","statementMap":{"0":{"start":{"line":37,"column":0},"end":{"line":null,"column":-1}},"1":{"start":{"line":41,"column":0},"end":{"line":null,"column":-1}},"2":{"start":{"line":55,"column":0},"end":{"line":null,"column":-1}},"3":{"start":{"line":59,"column":0},"end":{"line":null,"column":-1}},"4":{"start":{"line":63,"column":0},"end":{"line":null,"column":-1}},"5":{"start":{"line":65,"column":0},"end":{"line":null,"column":-1}},"6":{"start":{"line":67,"column":0},"end":{"line":null,"column":-1}},"7":{"start":{"line":74,"column":0},"end":{"line":null,"column":-1}},"8":{"start":{"line":78,"column":0},"end":{"line":null,"column":-1}},"9":{"start":{"line":81,"column":0},"end":{"line":null,"column":-1}},"10":{"start":{"line":82,"column":0},"end":{"line":null,"column":-1}},"11":{"start":{"line":83,"column":0},"end":{"line":91,"column":0}},"12":{"start":{"line":84,"column":0},"end":{"line":null,"column":-1}},"13":{"start":{"line":85,"column":0},"end":{"line":91,"column":0}},"14":{"start":{"line":86,"column":0},"end":{"line":null,"column":-1}},"15":{"start":{"line":87,"column":0},"end":{"line":91,"column":0}},"16":{"start":{"line":88,"column":0},"end":{"line":null,"column":-1}},"17":{"start":{"line":90,"column":0},"end":{"line":null,"column":-1}},"18":{"start":{"line":96,"column":0},"end":{"line":null,"column":-1}},"19":{"start":{"line":99,"column":0},"end":{"line":null,"column":-1}},"20":{"start":{"line":103,"column":0},"end":{"line":null,"column":-1}},"21":{"start":{"line":106,"column":0},"end":{"line":108,"column":0}},"22":{"start":{"line":107,"column":0},"end":{"line":null,"column":-1}},"23":{"start":{"line":112,"column":0},"end":{"line":null,"column":-1}},"24":{"start":{"line":114,"column":0},"end":{"line":null,"column":-1}},"25":{"start":{"line":117,"column":0},"end":{"line":null,"column":-1}},"26":{"start":{"line":122,"column":0},"end":{"line":null,"column":-1}},"27":{"start":{"line":128,"column":0},"end":{"line":null,"column":-1}},"28":{"start":{"line":129,"column":0},"end":{"line":null,"column":-1}},"29":{"start":{"line":133,"column":0},"end":{"line":null,"column":-1}}},"fnMap":{"0":{"name":"data","decl":{"start":{"line":40,"column":0},"end":{"line":null,"column":-1}},"loc":{"start":{"line":40,"column":0},"end":{"line":52,"column":0}}},"1":{"name":"shows","decl":{"start":{"line":54,"column":0},"end":{"line":null,"column":-1}},"loc":{"start":{"line":54,"column":0},"end":{"line":56,"column":0}}},"2":{"name":"login","decl":{"start":{"line":57,"column":0},"end":{"line":null,"column":-1}},"loc":{"start":{"line":57,"column":0},"end":{"line":61,"column":0}}},"3":{"name":"chekimg","decl":{"start":{"line":62,"column":0},"end":{"line":null,"column":-1}},"loc":{"start":{"line":62,"column":0},"end":{"line":64,"column":0}}},"4":{"name":"getTableData","decl":{"start":{"line":65,"column":0},"end":{"line":null,"column":-1}},"loc":{"start":{"line":65,"column":0},"end":{"line":94,"column":0}}},"5":{"name":"open1","decl":{"start":{"line":95,"column":0},"end":{"line":null,"column":-1}},"loc":{"start":{"line":95,"column":0},"end":{"line":97,"column":0}}},"6":{"name":"open","decl":{"start":{"line":98,"column":0},"end":{"line":null,"column":-1}},"loc":{"start":{"line":98,"column":0},"end":{"line":104,"column":0}}},"7":{"name":"userlogin","decl":{"start":{"line":105,"column":0},"end":{"line":null,"column":-1}},"loc":{"start":{"line":105,"column":0},"end":{"line":111,"column":0}}},"8":{"name":"getUserData","decl":{"start":{"line":112,"column":0},"end":{"line":null,"column":-1}},"loc":{"start":{"line":112,"column":0},"end":{"line":124,"column":0}}},"9":{"name":"bodyheight","decl":{"start":{"line":127,"column":0},"end":{"line":null,"column":-1}},"loc":{"start":{"line":127,"column":0},"end":{"line":130,"column":0}}},"10":{"name":"mounted","decl":{"start":{"line":132,"column":0},"end":{"line":null,"column":-1}},"loc":{"start":{"line":132,"column":0},"end":{"line":134,"column":0}}}},"branchMap":{"0":{"loc":{"start":{"line":65,"column":0},"end":{"line":null,"column":-1}},"type":"switch","locations":[{"start":{"line":65,"column":0},"end":{"line":null,"column":-1}},{"start":{"line":65,"column":0},"end":{"line":null,"column":-1}},{"start":{"line":65,"column":0},"end":{"line":null,"column":-1}},{"start":{"line":65,"column":0},"end":{"line":91,"column":0}},{"start":{"line":65,"column":0},"end":{"line":null,"column":-1}},{"start":{"line":65,"column":0},"end":{"line":null,"column":-1}}]},"1":{"loc":{"start":{"line":65,"column":0},"end":{"line":null,"column":-1}},"type":"if","locations":[{"start":{"line":65,"column":0},"end":{"line":null,"column":-1}},{"start":{"line":65,"column":0},"end":{"line":null,"column":-1}}]},"2":{"loc":{"start":{"line":83,"column":0},"end":{"line":91,"column":0}},"type":"if","locations":[{"start":{"line":83,"column":0},"end":{"line":91,"column":0}},{"start":{"line":83,"column":0},"end":{"line":91,"column":0}}]},"3":{"loc":{"start":{"line":85,"column":0},"end":{"line":91,"column":0}},"type":"if","locations":[{"start":{"line":85,"column":0},"end":{"line":91,"column":0}},{"start":{"line":85,"column":0},"end":{"line":91,"column":0}}]},"4":{"loc":{"start":{"line":87,"column":0},"end":{"line":91,"column":0}},"type":"if","locations":[{"start":{"line":87,"column":0},"end":{"line":91,"column":0}},{"start":{"line":87,"column":0},"end":{"line":91,"column":0}}]},"5":{"loc":{"start":{"line":106,"column":0},"end":{"line":108,"column":0}},"type":"if","locations":[{"start":{"line":106,"column":0},"end":{"line":108,"column":0}},{"start":{"line":106,"column":0},"end":{"line":108,"column":0}}]},"6":{"loc":{"start":{"line":112,"column":0},"end":{"line":null,"column":-1}},"type":"switch","locations":[{"start":{"line":112,"column":0},"end":{"line":null,"column":-1}},{"start":{"line":112,"column":0},"end":{"line":null,"column":-1}},{"start":{"line":112,"column":0},"end":{"line":122,"column":0}},{"start":{"line":112,"column":0},"end":{"line":null,"column":-1}},{"start":{"line":112,"column":0},"end":{"line":null,"column":-1}}]},"7":{"loc":{"start":{"line":112,"column":0},"end":{"line":null,"column":-1}},"type":"if","locations":[{"start":{"line":112,"column":0},"end":{"line":null,"column":-1}},{"start":{"line":112,"column":0},"end":{"line":null,"column":-1}}]}},"s":{"0":0,"1":0,"2":0,"3":0,"4":0,"5":0,"6":0,"7":0,"8":0,"9":0,"10":0,"11":0,"12":0,"13":0,"14":0,"15":0,"16":0,"17":0,"18":0,"19":0,"20":0,"21":0,"22":0,"23":0,"24":0,"25":0,"26":0,"27":0,"28":0,"29":0},"f":{"0":0,"1":0,"2":0,"3":0,"4":0,"5":0,"6":0,"7":0,"8":0,"9":0,"10":0},"b":{"0":[0,0,0,0,0,0],"1":[0,0],"2":[0,0],"3":[0,0],"4":[0,0],"5":[0,0],"6":[0,0,0,0,0],"7":[0,0]}}
,"D:\\VueProject\\lqmountain-park-web\\src\\store\\store.js": {"path":"D:\\VueProject\\lqmountain-park-web\\src\\store\\store.js","statementMap":{"0":{"start":{"line":1,"column":0},"end":{"line":null,"column":-1}},"1":{"start":{"line":2,"column":0},"end":{"line":null,"column":-1}},"2":{"start":{"line":4,"column":0},"end":{"line":null,"column":-1}},"3":{"start":{"line":17,"column":16},"end":{"line":17,"column":6}},"4":{"start":{"line":19,"column":6},"end":{"line":59,"column":7}},"5":{"start":{"line":21,"column":19},"end":{"line":21,"column":8}},"6":{"start":{"line":22,"column":10},"end":{"line":null,"column":-1}},"7":{"start":{"line":23,"column":12},"end":{"line":null,"column":-1}},"8":{"start":{"line":24,"column":12},"end":{"line":null,"column":-1}},"9":{"start":{"line":29,"column":8},"end":{"line":47,"column":9}},"10":{"start":{"line":31,"column":10},"end":{"line":null,"column":-1}},"11":{"start":{"line":33,"column":10},"end":{"line":null,"column":-1}},"12":{"start":{"line":35,"column":10},"end":{"line":null,"column":-1}},"13":{"start":{"line":36,"column":10},"end":{"line":null,"column":-1}},"14":{"start":{"line":38,"column":10},"end":{"line":null,"column":-1}},"15":{"start":{"line":40,"column":10},"end":{"line":null,"column":-1}},"16":{"start":{"line":43,"column":10},"end":{"line":null,"column":-1}},"17":{"start":{"line":44,"column":10},"end":{"line":null,"column":-1}},"18":{"start":{"line":46,"column":10},"end":{"line":null,"column":-1}},"19":{"start":{"line":50,"column":8},"end":{"line":null,"column":-1}},"20":{"start":{"line":54,"column":8},"end":{"line":null,"column":-1}},"21":{"start":{"line":56,"column":8},"end":{"line":null,"column":-1}},"22":{"start":{"line":65,"column":6},"end":{"line":null,"column":-1}}},"fnMap":{"0":{"name":"editableTabs","decl":{"start":{"line":15,"column":18},"end":{"line":15,"column":18}},"loc":{"start":{"line":15,"column":34},"end":{"line":14,"column":13}}},"1":{"name":"even","decl":{"start":{"line":21,"column":12},"end":{"line":21,"column":19}},"loc":{"start":{"line":21,"column":34},"end":{"line":21,"column":8}}},"2":{"name":"(anonymous_3)","decl":{"start":{"line":22,"column":26},"end":{"line":22,"column":33}},"loc":{"start":{"line":22,"column":34},"end":{"line":22,"column":17}}},"3":{"name":"editableTabs","decl":{"start":{"line":62,"column":11},"end":{"line":64,"column":17}},"loc":{"start":{"line":64,"column":32},"end":{"line":62,"column":11}}}},"branchMap":{"0":{"loc":{"start":{"line":19,"column":6},"end":{"line":59,"column":7}},"type":"if","locations":[{"start":{"line":19,"column":6},"end":{"line":59,"column":7}},{"start":{"line":19,"column":6},"end":{"line":59,"column":7}}]},"1":{"loc":{"start":{"line":29,"column":8},"end":{"line":47,"column":9}},"type":"if","locations":[{"start":{"line":29,"column":8},"end":{"line":47,"column":9}},{"start":{"line":29,"column":8},"end":{"line":47,"column":9}}]}},"s":{"0":0,"1":0,"2":0,"3":0,"4":0,"5":0,"6":0,"7":0,"8":0,"9":0,"10":0,"11":0,"12":0,"13":0,"14":0,"15":0,"16":0,"17":0,"18":0,"19":0,"20":0,"21":0,"22":0},"f":{"0":0,"1":0,"2":0,"3":0},"b":{"0":[0,0],"1":[0,0]}}
,"D:\\VueProject\\lqmountain-park-web\\src\\utils\\ajax.js": {"path":"D:\\VueProject\\lqmountain-park-web\\src\\utils\\ajax.js","statementMap":{"0":{"start":{"line":1,"column":0},"end":{"line":null,"column":-1}},"1":{"start":{"line":2,"column":0},"end":{"line":null,"column":-1}},"2":{"start":{"line":5,"column":13},"end":{"line":5,"column":0}},"3":{"start":{"line":10,"column":0},"end":{"line":null,"column":-1}},"4":{"start":{"line":11,"column":2},"end":{"line":10,"column":-1}},"5":{"start":{"line":13,"column":4},"end":{"line":null,"column":-1}},"6":{"start":{"line":17,"column":0},"end":{"line":null,"column":-1}},"7":{"start":{"line":18,"column":2},"end":{"line":17,"column":-1}},"8":{"start":{"line":18,"column":2},"end":{"line":null,"column":-1}},"9":{"start":{"line":22,"column":10},"end":{"line":18,"column":2}},"10":{"start":{"line":31,"column":10},"end":{"line":18,"column":2}},"11":{"start":{"line":32,"column":10},"end":{"line":18,"column":2}},"12":{"start":{"line":52,"column":4},"end":{"line":null,"column":-1}}},"fnMap":{"0":{"name":"(anonymous_1)","decl":{"start":{"line":11,"column":2},"end":{"line":11,"column":12}},"loc":{"start":{"line":11,"column":2},"end":{"line":10,"column":0}}},"1":{"name":"(anonymous_2)","decl":{"start":{"line":12,"column":2},"end":{"line":12,"column":10}},"loc":{"start":{"line":12,"column":11},"end":{"line":10,"column":0}}},"2":{"name":"(anonymous_3)","decl":{"start":{"line":17,"column":0},"end":{"line":null,"column":-1}},"loc":{"start":{"line":17,"column":0},"end":{"line":null,"column":-1}}},"3":{"name":"_callee","decl":{"start":{"line":18,"column":2},"end":{"line":18,"column":7}},"loc":{"start":{"line":18,"column":2},"end":{"line":17,"column":0}}},"4":{"name":"_callee$","decl":{"start":{"line":18,"column":2},"end":{"line":null,"column":-1}},"loc":{"start":{"line":18,"column":2},"end":{"line":17,"column":-1}}},"5":{"name":"(anonymous_7)","decl":{"start":{"line":51,"column":2},"end":{"line":51,"column":10}},"loc":{"start":{"line":51,"column":11},"end":{"line":17,"column":0}}}},"branchMap":{"0":{"loc":{"start":{"line":18,"column":2},"end":{"line":null,"column":-1}},"type":"switch","locations":[{"start":{"line":18,"column":2},"end":{"line":null,"column":-1}},{"start":{"line":18,"column":2},"end":{"line":null,"column":-1}},{"start":{"line":18,"column":2},"end":{"line":null,"column":-1}},{"start":{"line":18,"column":2},"end":{"line":null,"column":-1}},{"start":{"line":18,"column":2},"end":{"line":17,"column":-1}},{"start":{"line":18,"column":2},"end":{"line":17,"column":-1}},{"start":{"line":18,"column":2},"end":{"line":17,"column":-1}}]},"1":{"loc":{"start":{"line":18,"column":2},"end":{"line":null,"column":-1}},"type":"if","locations":[{"start":{"line":18,"column":2},"end":{"line":null,"column":-1}},{"start":{"line":18,"column":2},"end":{"line":null,"column":-1}}]}},"s":{"0":0,"1":0,"2":0,"3":0,"4":0,"5":0,"6":0,"7":0,"8":0,"9":0,"10":0,"11":0,"12":0},"f":{"0":0,"1":0,"2":0,"3":0,"4":0,"5":0},"b":{"0":[0,0,0,0,0,0,0],"1":[0,0]}}
,"D:\\VueProject\\lqmountain-park-web\\src\\utils\\retry.js": {"path":"D:\\VueProject\\lqmountain-park-web\\src\\utils\\retry.js","statementMap":{"0":{"start":{"line":1,"column":0},"end":{"line":null,"column":-1}},"1":{"start":{"line":3,"column":20},"end":{"line":3,"column":0}},"2":{"start":{"line":5,"column":15},"end":{"line":5,"column":14}},"3":{"start":{"line":5,"column":15},"end":{"line":null,"column":-1}},"4":{"start":{"line":6,"column":11},"end":{"line":5,"column":15}},"5":{"start":{"line":7,"column":10},"end":{"line":5,"column":15}},"6":{"start":{"line":12,"column":6},"end":{"line":5,"column":15}},"7":{"start":{"line":5,"column":15},"end":{"line":6,"column":36}},"8":{"start":{"line":6,"column":37},"end":{"line":5,"column":15}}},"fnMap":{"0":{"name":"_callee$","decl":{"start":{"line":5,"column":15},"end":{"line":null,"column":-1}},"loc":{"start":{"line":5,"column":15},"end":{"line":null,"column":-1}}}},"branchMap":{"0":{"loc":{"start":{"line":5,"column":15},"end":{"line":5,"column":38}},"type":"cond-expr","locations":[{"start":{"line":5,"column":15},"end":{"line":5,"column":38}},{"start":{"line":5,"column":39},"end":{"line":5,"column":15}}]},"1":{"loc":{"start":{"line":5,"column":15},"end":{"line":5,"column":38}},"type":"binary-expr","locations":[{"start":{"line":5,"column":15},"end":{"line":5,"column":38}},{"start":{"line":5,"column":15},"end":{"line":5,"column":38}}]},"2":{"loc":{"start":{"line":5,"column":15},"end":{"line":6,"column":17}},"type":"switch","locations":[{"start":{"line":5,"column":15},"end":{"line":6,"column":17}},{"start":{"line":5,"column":15},"end":{"line":null,"column":-1}},{"start":{"line":5,"column":15},"end":{"line":null,"column":-1}},{"start":{"line":5,"column":15},"end":{"line":null,"column":-1}},{"start":{"line":5,"column":15},"end":{"line":6,"column":36}},{"start":{"line":5,"column":15},"end":{"line":null,"column":-1}},{"start":{"line":5,"column":15},"end":{"line":null,"column":-1}},{"start":{"line":5,"column":15},"end":{"line":null,"column":-1}}]},"3":{"loc":{"start":{"line":5,"column":15},"end":{"line":null,"column":-1}},"type":"if","locations":[{"start":{"line":5,"column":15},"end":{"line":null,"column":-1}},{"start":{"line":5,"column":15},"end":{"line":null,"column":-1}}]}},"s":{"0":0,"1":0,"2":0,"3":0,"4":0,"5":0,"6":0,"7":0,"8":0},"f":{"0":0},"b":{"0":[0,0],"1":[0,0],"2":[0,0,0,0,0,0,0,0],"3":[0,0]}}
,"D:\\VueProject\\lqmountain-park-web\\src\\utils\\saveFile.js": {"path":"D:\\VueProject\\lqmountain-park-web\\src\\utils\\saveFile.js","statementMap":{"0":{"start":{"line":3,"column":2},"end":{"line":5,"column":3}},"1":{"start":{"line":4,"column":4},"end":{"line":null,"column":-1}},"2":{"start":{"line":6,"column":15},"end":{"line":6,"column":2}},"3":{"start":{"line":7,"column":26},"end":{"line":7,"column":2}},"4":{"start":{"line":8,"column":15},"end":{"line":8,"column":2}},"5":{"start":{"line":9,"column":2},"end":{"line":null,"column":-1}},"6":{"start":{"line":10,"column":2},"end":{"line":2,"column":46}},"7":{"start":{"line":11,"column":2},"end":{"line":null,"column":-1}},"8":{"start":{"line":12,"column":2},"end":{"line":2,"column":46}},"9":{"start":{"line":13,"column":2},"end":{"line":2,"column":46}},"10":{"start":{"line":14,"column":2},"end":{"line":2,"column":46}}},"fnMap":{"0":{"name":"saveXlsx","decl":{"start":{"line":2,"column":16},"end":{"line":2,"column":7}},"loc":{"start":{"line":2,"column":46},"end":{"line":15,"column":1}}}},"branchMap":{"0":{"loc":{"start":{"line":3,"column":2},"end":{"line":5,"column":3}},"type":"if","locations":[{"start":{"line":3,"column":2},"end":{"line":5,"column":3}},{"start":{"line":3,"column":2},"end":{"line":5,"column":3}}]}},"s":{"0":0,"1":0,"2":0,"3":0,"4":0,"5":0,"6":0,"7":0,"8":0,"9":0,"10":0},"f":{"0":0},"b":{"0":[0,0]}}
,"D:\\VueProject\\lqmountain-park-web\\src\\utils\\sleep.js": {"path":"D:\\VueProject\\lqmountain-park-web\\src\\utils\\sleep.js","statementMap":{"0":{"start":{"line":1,"column":32},"end":{"line":1,"column":31}},"1":{"start":{"line":2,"column":2},"end":{"line":null,"column":-1}},"2":{"start":{"line":3,"column":4},"end":{"line":null,"column":-1}}},"fnMap":{"0":{"name":"(anonymous_2)","decl":{"start":{"line":2,"column":21},"end":{"line":2,"column":31}},"loc":{"start":{"line":2,"column":32},"end":{"line":2,"column":9}}}},"branchMap":{"0":{"loc":{"start":{"line":1,"column":32},"end":{"line":1,"column":22}},"type":"cond-expr","locations":[{"start":{"line":1,"column":32},"end":{"line":1,"column":22}},{"start":{"line":1,"column":23},"end":{"line":1,"column":32}}]},"1":{"loc":{"start":{"line":1,"column":32},"end":{"line":1,"column":22}},"type":"binary-expr","locations":[{"start":{"line":1,"column":32},"end":{"line":1,"column":22}},{"start":{"line":1,"column":32},"end":{"line":1,"column":22}}]}},"s":{"0":0,"1":0,"2":0},"f":{"0":0},"b":{"0":[0,0],"1":[0,0]}}
}
