TN:
SF:D:\VueProject\lqmountain-park-web\src\api\geology.js
FN:2,postQueryGeologyList
FNF:1
FNH:0
FNDA:0,postQueryGeologyList
DA:1,0
DA:3,0
LF:2
LH:0
BRF:0
BRH:0
end_of_record
TN:
SF:D:\VueProject\lqmountain-park-web\src\api\login.js
FN:3,postQueryLogin
FN:10,postQueryUser
FNF:2
FNH:0
FNDA:0,postQueryLogin
FNDA:0,postQueryUser
DA:1,0
DA:2,0
DA:4,0
DA:6,0
DA:8,0
DA:11,0
LF:6
LH:0
BRF:0
BRH:0
end_of_record
TN:
SF:D:\VueProject\lqmountain-park-web\src\api\user.js
FN:3,postQueryUserList
FN:6,postSaveUserList
FN:13,postUpdataUserList
FNF:3
FNH:0
FNDA:0,postQueryUserList
FNDA:0,postSaveUserList
FNDA:0,postUpdataUserList
DA:1,0
DA:2,0
DA:4,0
DA:7,0
DA:9,0
DA:10,0
DA:11,0
DA:14,0
DA:16,0
DA:17,0
DA:18,0
LF:11
LH:0
BRF:0
BRH:0
end_of_record
TN:
SF:D:\VueProject\lqmountain-park-web\src\components\ArcgisMap.vue
FN:35,data
FN:61,mounted
FN:63,(anonymous_4)
FN:125,(anonymous_5)
FN:135,(anonymous_6)
FN:144,(anonymous_7)
FN:204,setPoint
FN:207,setPolygon
FN:210,handleEventGraphic
FN:248,drawPoint
FN:265,drawPolygon
FN:285,handler
FN:293,handler
FN:300,beforeDestroy
FNF:14
FNH:0
FNDA:0,data
FNDA:0,mounted
FNDA:0,(anonymous_4)
FNDA:0,(anonymous_5)
FNDA:0,(anonymous_6)
FNDA:0,(anonymous_7)
FNDA:0,setPoint
FNDA:0,setPolygon
FNDA:0,handleEventGraphic
FNDA:0,drawPoint
FNDA:0,drawPolygon
FNDA:0,handler
FNDA:0,handler
FNDA:0,beforeDestroy
DA:6,0
DA:36,0
DA:61,0
DA:63,0
DA:71,0
DA:72,0
DA:73,0
DA:90,0
DA:91,0
DA:95,0
DA:111,0
DA:112,0
DA:124,0
DA:125,0
DA:130,0
DA:132,0
DA:135,0
DA:139,0
DA:140,0
DA:144,0
DA:160,0
DA:161,0
DA:205,0
DA:208,0
DA:211,0
DA:213,0
DA:214,0
DA:216,0
DA:217,0
DA:219,0
DA:225,0
DA:226,0
DA:227,0
DA:249,0
DA:252,0
DA:261,0
DA:262,0
DA:263,0
DA:266,0
DA:268,0
DA:276,0
DA:277,0
DA:278,0
DA:286,0
DA:287,0
DA:294,0
DA:295,0
DA:301,0
DA:303,0
LF:49
LH:0
BRDA:111,0,0,0
BRDA:111,0,1,0
BRDA:130,1,0,0
BRDA:130,1,1,0
BRDA:139,2,0,0
BRDA:139,2,1,0
BRDA:160,3,0,0
BRDA:160,3,1,0
BRDA:213,4,0,0
BRDA:213,4,1,0
BRDA:219,5,0,0
BRDA:219,5,1,0
BRDA:286,6,0,0
BRDA:286,6,1,0
BRDA:286,7,0,0
BRDA:286,7,1,0
BRDA:294,8,0,0
BRDA:294,8,1,0
BRDA:294,9,0,0
BRDA:294,9,1,0
BRDA:301,10,0,0
BRDA:301,10,1,0
BRF:22
BRH:0
end_of_record
TN:
SF:D:\VueProject\lqmountain-park-web\src\components\Header.vue
FN:39,data
FN:51,mounted
FN:55,toPushIndex
FN:67,handleClick
FN:75,handleLogout
FN:79,setNowTimes
FN:90,loginout
FN:96,logintext
FNF:8
FNH:0
FNDA:0,data
FNDA:0,mounted
FNDA:0,toPushIndex
FNDA:0,handleClick
FNDA:0,handleLogout
FNDA:0,setNowTimes
FNDA:0,loginout
FNDA:0,logintext
DA:40,0
DA:52,0
DA:56,0
DA:57,0
DA:58,0
DA:59,0
DA:60,0
DA:61,0
DA:62,0
DA:63,0
DA:68,0
DA:69,0
DA:71,0
DA:76,0
DA:80,0
DA:81,0
DA:82,0
DA:83,0
DA:84,0
DA:85,0
DA:86,0
DA:87,0
DA:88,0
DA:91,0
DA:92,0
DA:97,0
LF:26
LH:0
BRDA:56,0,0,0
BRDA:56,0,1,0
BRDA:58,1,0,0
BRDA:58,1,1,0
BRDA:60,2,0,0
BRDA:60,2,1,0
BRDA:62,3,0,0
BRDA:62,3,1,0
BRDA:68,4,0,0
BRDA:68,4,1,0
BRDA:84,5,0,0
BRDA:84,5,1,0
BRF:12
BRH:0
end_of_record
TN:
SF:D:\VueProject\lqmountain-park-web\src\components\aside.vue
FN:38,data
FN:85,created
FN:88,mounted
FNF:3
FNH:0
FNDA:0,data
FNDA:0,created
FNDA:0,mounted
DA:34,0
DA:39,0
DA:86,0
LF:3
LH:0
BRF:0
BRH:0
end_of_record
TN:
SF:D:\VueProject\lqmountain-park-web\src\components\comparedDataDialog.vue
FN:16,data
FN:26,closeClick
FNF:2
FNH:0
FNDA:0,data
FNDA:0,closeClick
DA:17,0
DA:27,0
LF:2
LH:0
BRF:0
BRH:0
end_of_record
TN:
SF:D:\VueProject\lqmountain-park-web\src\components\dataViewDialog.vue
FN:16,data
FN:28,closeClick
FNF:2
FNH:0
FNDA:0,data
FNDA:0,closeClick
DA:17,0
DA:29,0
LF:2
LH:0
BRF:0
BRH:0
end_of_record
TN:
SF:D:\VueProject\lqmountain-park-web\src\components\dataViewTitle.vue
FN:15,data
FNF:1
FNH:0
FNDA:0,data
DA:16,0
LF:1
LH:0
BRF:0
BRH:0
end_of_record
TN:
SF:D:\VueProject\lqmountain-park-web\src\components\decisionAside.vue
FN:34,created
FN:37,data
FN:85,mounted
FN:89,toPush
FNF:4
FNH:0
FNDA:0,created
FNDA:0,data
FNDA:0,mounted
FNDA:0,toPush
DA:38,0
DA:86,0
DA:90,0
LF:3
LH:0
BRF:0
BRH:0
end_of_record
TN:
SF:D:\VueProject\lqmountain-park-web\src\components\faceInformationDialog.vue
FN:20,data
FN:30,closeClick
FNF:2
FNH:0
FNDA:0,data
FNDA:0,closeClick
DA:21,0
DA:31,0
LF:2
LH:0
BRF:0
BRH:0
end_of_record
TN:
SF:D:\VueProject\lqmountain-park-web\src\components\faceListItem.vue
FN:11,data
FN:21,closeClick
FNF:2
FNH:0
FNDA:0,data
FNDA:0,closeClick
DA:12,0
DA:22,0
LF:2
LH:0
BRF:0
BRH:0
end_of_record
TN:
SF:D:\VueProject\lqmountain-park-web\src\components\itemBut.vue
FN:26,data
FN:57,handerClick
FNF:2
FNH:0
FNDA:0,data
FNDA:0,handerClick
DA:15,0
DA:16,0
DA:17,0
DA:18,0
DA:19,0
DA:20,0
DA:27,0
DA:58,0
DA:59,0
DA:60,0
DA:61,0
DA:62,0
DA:64,0
DA:65,0
DA:66,0
DA:67,0
DA:70,0
DA:71,0
DA:72,0
DA:73,0
DA:75,0
DA:76,0
DA:77,0
DA:78,0
DA:79,0
DA:81,0
DA:82,0
DA:83,0
DA:85,0
DA:86,0
DA:87,0
DA:88,0
LF:32
LH:0
BRDA:58,0,0,0
BRDA:58,0,1,0
BRDA:59,1,0,0
BRDA:59,1,1,0
BRDA:70,2,0,0
BRDA:70,2,1,0
BRDA:71,3,0,0
BRDA:71,3,1,0
BRDA:81,4,0,0
BRDA:81,4,1,0
BRDA:82,5,0,0
BRDA:82,5,1,0
BRF:12
BRH:0
end_of_record
TN:
SF:D:\VueProject\lqmountain-park-web\src\components\pickPointTitle.vue
FN:11,data
FN:20,closeClick
FNF:2
FNH:0
FNDA:0,data
FNDA:0,closeClick
DA:12,0
LF:1
LH:0
BRF:0
BRH:0
end_of_record
TN:
SF:D:\VueProject\lqmountain-park-web\src\components\tableComponent.vue
FN:14,data
FN:32,rowCount
FN:37,mounted
FN:41,getKey
FN:49,(anonymous_5)
FN:52,(anonymous_6)
FN:62,created
FNF:7
FNH:0
FNDA:0,data
FNDA:0,rowCount
FNDA:0,mounted
FNDA:0,getKey
FNDA:0,(anonymous_5)
FNDA:0,(anonymous_6)
FNDA:0,created
DA:15,0
DA:34,0
DA:38,0
DA:42,0
DA:44,0
DA:45,0
DA:46,0
DA:48,0
DA:49,0
DA:50,0
DA:51,0
DA:52,0
DA:53,0
DA:55,0
DA:57,0
DA:58,0
DA:59,0
DA:63,0
DA:64,0
DA:65,0
LF:20
LH:0
BRDA:64,0,0,0
BRDA:64,0,1,0
BRF:2
BRH:0
end_of_record
TN:
SF:D:\VueProject\lqmountain-park-web\src\components\tabs.vue
FN:23,data
FN:28,mounted
FN:42,get
FN:45,set
FN:50,get
FN:53,set
FN:59,removeTab
FN:63,(anonymous_9)
FN:81,(anonymous_10)
FN:89,tabClick
FNF:10
FNH:0
FNDA:0,data
FNDA:0,mounted
FNDA:0,get
FNDA:0,set
FNDA:0,get
FNDA:0,set
FNDA:0,removeTab
FNDA:0,(anonymous_9)
FNDA:0,(anonymous_10)
FNDA:0,tabClick
DA:24,0
DA:30,0
DA:31,0
DA:34,0
DA:35,0
DA:36,0
DA:43,0
DA:46,0
DA:51,0
DA:54,0
DA:60,0
DA:61,0
DA:62,0
DA:63,0
DA:65,0
DA:66,0
DA:67,0
DA:68,0
DA:69,0
DA:71,0
DA:76,0
DA:78,0
DA:79,0
DA:81,0
DA:84,0
DA:85,0
DA:87,0
DA:91,0
LF:28
LH:0
BRDA:30,0,0,0
BRDA:30,0,1,0
BRDA:62,1,0,0
BRDA:62,1,1,0
BRDA:65,2,0,0
BRDA:65,2,1,0
BRDA:66,3,0,0
BRDA:66,3,1,0
BRDA:68,4,0,0
BRDA:68,4,1,0
BRDA:78,5,0,0
BRDA:78,5,1,0
BRF:12
BRH:0
end_of_record
TN:
SF:D:\VueProject\lqmountain-park-web\src\constant\Geothermal.js
FNF:0
FNH:0
DA:1,0
LF:1
LH:0
BRF:0
BRH:0
end_of_record
TN:
SF:D:\VueProject\lqmountain-park-web\src\constant\index.js
FN:37,style
FN:130,style
FN:327,style
FN:359,style
FN:383,style
FN:406,style
FN:429,style
FN:455,style
FN:478,style
FN:501,style
FN:524,style
FN:547,style
FN:570,style
FN:593,style
FN:616,style
FN:641,style
FN:669,style
FNF:17
FNH:0
FNDA:0,style
FNDA:0,style
FNDA:0,style
FNDA:0,style
FNDA:0,style
FNDA:0,style
FNDA:0,style
FNDA:0,style
FNDA:0,style
FNDA:0,style
FNDA:0,style
FNDA:0,style
FNDA:0,style
FNDA:0,style
FNDA:0,style
FNDA:0,style
FNDA:0,style
DA:3,0
DA:4,0
DA:5,0
DA:6,0
DA:7,0
DA:8,0
DA:9,0
DA:10,0
DA:11,0
DA:12,0
DA:15,0
DA:39,0
DA:40,0
DA:50,0
DA:52,0
DA:53,0
DA:63,0
DA:132,0
DA:133,0
DA:158,0
DA:159,0
DA:160,0
DA:185,0
DA:186,0
DA:187,0
DA:212,0
DA:213,0
DA:214,0
DA:239,0
DA:240,0
DA:241,0
DA:266,0
DA:267,0
DA:268,0
DA:293,0
DA:330,0
DA:349,0
DA:360,0
DA:361,0
DA:373,0
DA:384,0
DA:385,0
DA:396,0
DA:407,0
DA:408,0
DA:419,0
DA:430,0
DA:431,0
DA:442,0
DA:456,0
DA:457,0
DA:468,0
DA:479,0
DA:480,0
DA:491,0
DA:502,0
DA:503,0
DA:514,0
DA:525,0
DA:526,0
DA:537,0
DA:548,0
DA:549,0
DA:560,0
DA:571,0
DA:572,0
DA:583,0
DA:594,0
DA:595,0
DA:606,0
DA:617,0
DA:618,0
DA:629,0
DA:643,0
DA:655,0
DA:671,0
DA:704,0
DA:706,0
DA:707,0
DA:737,0
LF:80
LH:0
BRDA:39,0,0,0
BRDA:39,0,1,0
BRDA:52,1,0,0
BRDA:52,1,1,0
BRDA:132,2,0,0
BRDA:132,2,1,0
BRDA:159,3,0,0
BRDA:159,3,1,0
BRDA:186,4,0,0
BRDA:186,4,1,0
BRDA:213,5,0,0
BRDA:213,5,1,0
BRDA:240,6,0,0
BRDA:240,6,1,0
BRDA:267,7,0,0
BRDA:267,7,1,0
BRDA:706,8,0,0
BRDA:706,8,1,0
BRF:18
BRH:0
end_of_record
TN:
SF:D:\VueProject\lqmountain-park-web\src\pages\Console\index.vue
FN:28,data
FNF:1
FNH:0
FNDA:0,data
DA:23,0
DA:24,0
DA:25,0
DA:26,0
DA:29,0
LF:5
LH:0
BRF:0
BRH:0
end_of_record
TN:
SF:D:\VueProject\lqmountain-park-web\src\pages\Console\Addcomponents\cameraAdd.vue
FN:37,data
FN:63,cameraBack
FN:66,cameraSubmit
FNF:3
FNH:0
FNDA:0,data
FNDA:0,cameraBack
FNDA:0,cameraSubmit
DA:35,0
DA:38,0
DA:64,0
DA:67,0
LF:4
LH:0
BRF:0
BRH:0
end_of_record
TN:
SF:D:\VueProject\lqmountain-park-web\src\pages\Console\components\NavMenu.vue
FN:43,data
FN:49,handleClick
FNF:2
FNH:0
FNDA:0,data
FNDA:0,handleClick
DA:44,0
DA:50,0
LF:2
LH:0
BRF:0
BRH:0
end_of_record
TN:
SF:D:\VueProject\lqmountain-park-web\src\pages\Console\components\camera.vue
FN:129,data
FN:182,handleCurrentChange
FN:186,handleClickDelete
FN:189,DeletedhandleClose
FN:192,handleClickDisable
FN:195,DisablehandleClose
FN:198,handleClickEnable
FN:201,EnablehandleClose
FN:205,Disable
FN:210,Enable
FN:217,cameraAdd
FN:221,getcameraFormSon
FN:228,created
FNF:13
FNH:0
FNDA:0,data
FNDA:0,handleCurrentChange
FNDA:0,handleClickDelete
FNDA:0,DeletedhandleClose
FNDA:0,handleClickDisable
FNDA:0,DisablehandleClose
FNDA:0,handleClickEnable
FNDA:0,EnablehandleClose
FNDA:0,Disable
FNDA:0,Enable
FNDA:0,cameraAdd
FNDA:0,getcameraFormSon
FNDA:0,created
DA:125,0
DA:126,0
DA:130,0
DA:183,0
DA:187,0
DA:190,0
DA:193,0
DA:196,0
DA:199,0
DA:202,0
DA:206,0
DA:207,0
DA:211,0
DA:212,0
DA:219,0
DA:222,0
DA:229,0
LF:17
LH:0
BRF:0
BRH:0
end_of_record
TN:
SF:D:\VueProject\lqmountain-park-web\src\pages\Console\components\demonstrations.vue
FN:9,data
FNF:1
FNH:0
FNDA:0,data
DA:10,0
LF:1
LH:0
BRF:0
BRH:0
end_of_record
TN:
SF:D:\VueProject\lqmountain-park-web\src\pages\Console\components\information.vue
FN:9,data
FNF:1
FNH:0
FNDA:0,data
DA:10,0
LF:1
LH:0
BRF:0
BRH:0
end_of_record
TN:
SF:D:\VueProject\lqmountain-park-web\src\pages\Console\components\logs.vue
FN:9,data
FNF:1
FNH:0
FNDA:0,data
DA:10,0
LF:1
LH:0
BRF:0
BRH:0
end_of_record
TN:
SF:D:\VueProject\lqmountain-park-web\src\pages\Console\components\sensor.vue
FN:92,data
FN:144,handleCurrentChange
FN:148,handleClose
FN:151,EdithandleClose
FN:154,SeehandleClose
FN:157,handleClickEdit
FN:162,handleClickSee
FN:170,handleClickDelete
FN:173,DeletedhandleClose
FNF:9
FNH:0
FNDA:0,data
FNDA:0,handleCurrentChange
FNDA:0,handleClose
FNDA:0,EdithandleClose
FNDA:0,SeehandleClose
FNDA:0,handleClickEdit
FNDA:0,handleClickSee
FNDA:0,handleClickDelete
FNDA:0,DeletedhandleClose
DA:86,0
DA:87,0
DA:88,0
DA:93,0
DA:145,0
DA:149,0
DA:152,0
DA:155,0
DA:158,0
DA:159,0
DA:160,0
DA:163,0
DA:164,0
DA:165,0
DA:171,0
DA:174,0
LF:16
LH:0
BRF:0
BRH:0
end_of_record
TN:
SF:D:\VueProject\lqmountain-park-web\src\pages\Console\components\user.vue
FN:91,data
FN:117,handleCurrentChange
FN:121,handleClose
FN:124,EdithandleClose
FN:127,SeehandleClose
FN:130,handleClickEdit
FN:140,handleClickSee
FN:148,handleClickDelete
FN:151,DeletedhandleClose
FN:154,getTableData
FN:168,getEditTableData
FN:183,mounted
FNF:12
FNH:0
FNDA:0,data
FNDA:0,handleCurrentChange
FNDA:0,handleClose
FNDA:0,EdithandleClose
FNDA:0,SeehandleClose
FNDA:0,handleClickEdit
FNDA:0,handleClickSee
FNDA:0,handleClickDelete
FNDA:0,DeletedhandleClose
FNDA:0,getTableData
FNDA:0,getEditTableData
FNDA:0,mounted
DA:84,0
DA:85,0
DA:86,0
DA:87,0
DA:92,0
DA:118,0
DA:122,0
DA:125,0
DA:128,0
DA:131,0
DA:132,0
DA:133,0
DA:136,0
DA:141,0
DA:142,0
DA:143,0
DA:149,0
DA:152,0
DA:154,0
DA:156,0
DA:157,0
DA:158,0
DA:159,0
DA:161,0
DA:162,0
DA:163,0
DA:164,0
DA:168,0
DA:170,0
DA:171,0
DA:172,0
DA:173,0
DA:184,0
LF:33
LH:0
BRDA:132,0,0,0
BRDA:132,0,1,0
BRDA:154,1,0,0
BRDA:154,1,1,0
BRDA:154,1,2,0
BRDA:154,1,3,0
BRDA:154,1,4,0
BRDA:161,2,0,0
BRDA:161,2,1,0
BRDA:168,3,0,0
BRDA:168,3,1,0
BRDA:168,3,2,0
BRDA:168,3,3,0
BRDA:168,3,4,0
BRF:14
BRH:0
end_of_record
TN:
SF:D:\VueProject\lqmountain-park-web\src\pages\Console\components\children\UserAddDialog.vue
FN:40,data
FN:58,userup
FN:68,Close
FN:78,userdown
FN:88,getTableData
FN:101,open1
FNF:6
FNH:0
FNDA:0,data
FNDA:0,userup
FNDA:0,Close
FNDA:0,userdown
FNDA:0,getTableData
FNDA:0,open1
DA:38,0
DA:41,0
DA:59,0
DA:60,0
DA:61,0
DA:62,0
DA:63,0
DA:65,0
DA:69,0
DA:76,0
DA:79,0
DA:86,0
DA:88,0
DA:90,0
DA:91,0
DA:92,0
DA:93,0
DA:95,0
DA:96,0
DA:97,0
DA:102,0
LF:21
LH:0
BRDA:61,0,0,0
BRDA:61,0,1,0
BRDA:88,1,0,0
BRDA:88,1,1,0
BRDA:88,1,2,0
BRDA:88,1,3,0
BRDA:88,1,4,0
BRDA:96,2,0,0
BRDA:96,2,1,0
BRF:9
BRH:0
end_of_record
TN:
SF:D:\VueProject\lqmountain-park-web\src\pages\Console\components\children\UserEditDialog.vue
FN:40,data
FN:63,userup
FN:70,Close
FN:73,userdown
FN:76,getTableData
FN:91,mounted
FN:96,editdata
FNF:7
FNH:0
FNDA:0,data
FNDA:0,userup
FNDA:0,Close
FNDA:0,userdown
FNDA:0,getTableData
FNDA:0,mounted
FNDA:0,editdata
DA:38,0
DA:41,0
DA:65,0
DA:66,0
DA:67,0
DA:68,0
DA:71,0
DA:74,0
DA:76,0
DA:79,0
DA:80,0
DA:81,0
DA:83,0
DA:85,0
DA:97,0
DA:98,0
DA:99,0
DA:100,0
LF:18
LH:0
BRDA:76,0,0,0
BRDA:76,0,1,0
BRDA:76,0,2,0
BRDA:76,0,3,0
BRDA:76,0,4,0
BRDA:76,0,5,0
BRDA:76,0,6,0
BRDA:76,1,0,0
BRDA:76,1,1,0
BRF:9
BRH:0
end_of_record
TN:
SF:D:\VueProject\lqmountain-park-web\src\pages\Console\components\children\UserSeeDialog.vue
FN:36,data
FN:57,userup
FN:62,Close
FN:65,userdown
FN:69,mounted
FNF:5
FNH:0
FNDA:0,data
FNDA:0,userup
FNDA:0,Close
FNDA:0,userdown
FNDA:0,mounted
DA:37,0
DA:60,0
DA:63,0
DA:66,0
LF:4
LH:0
BRF:0
BRH:0
end_of_record
TN:
SF:D:\VueProject\lqmountain-park-web\src\pages\DecisionMaking\index.vue
FN:24,data
FNF:1
FNH:0
FNDA:0,data
DA:20,0
DA:21,0
DA:25,0
LF:3
LH:0
BRF:0
BRH:0
end_of_record
TN:
SF:D:\VueProject\lqmountain-park-web\src\pages\DecisionMaking\components\EchartsBar.vue
FN:13,data
FN:23,mounted
FN:27,myChartBar
FN:49,formatter
FN:130,(anonymous_5)
FNF:5
FNH:0
FNDA:0,data
FNDA:0,mounted
FNDA:0,myChartBar
FNDA:0,formatter
FNDA:0,(anonymous_5)
DA:14,0
DA:24,0
DA:28,0
DA:29,0
DA:30,0
DA:33,0
DA:50,0
DA:51,0
DA:129,0
DA:130,0
DA:131,0
DA:132,0
LF:12
LH:0
BRDA:131,0,0,0
BRDA:131,0,1,0
BRF:2
BRH:0
end_of_record
TN:
SF:D:\VueProject\lqmountain-park-web\src\pages\DecisionMaking\components\demonstration.vue
FN:9,data
FNF:1
FNH:0
FNDA:0,data
DA:10,0
LF:1
LH:0
BRF:0
BRH:0
end_of_record
TN:
SF:D:\VueProject\lqmountain-park-web\src\pages\DecisionMaking\components\drilling.vue
FN:9,data
FNF:1
FNH:0
FNDA:0,data
DA:10,0
LF:1
LH:0
BRF:0
BRH:0
end_of_record
TN:
SF:D:\VueProject\lqmountain-park-web\src\pages\DecisionMaking\components\geological.vue
FN:9,data
FNF:1
FNH:0
FNDA:0,data
DA:10,0
LF:1
LH:0
BRF:0
BRH:0
end_of_record
TN:
SF:D:\VueProject\lqmountain-park-web\src\pages\DecisionMaking\components\geothermal.vue
FN:9,data
FNF:1
FNH:0
FNDA:0,data
DA:10,0
LF:1
LH:0
BRF:0
BRH:0
end_of_record
TN:
SF:D:\VueProject\lqmountain-park-web\src\pages\DecisionMaking\components\lineChart.vue
FN:8,data
FN:14,mounted
FN:18,initLine
FN:120,(anonymous_4)
FNF:4
FNH:0
FNDA:0,data
FNDA:0,mounted
FNDA:0,initLine
FNDA:0,(anonymous_4)
DA:9,0
DA:15,0
DA:19,0
DA:20,0
DA:21,0
DA:120,0
DA:121,0
DA:122,0
LF:8
LH:0
BRDA:121,0,0,0
BRDA:121,0,1,0
BRF:2
BRH:0
end_of_record
TN:
SF:D:\VueProject\lqmountain-park-web\src\pages\DecisionMaking\components\remains.vue
FN:9,data
FNF:1
FNH:0
FNDA:0,data
DA:10,0
LF:1
LH:0
BRF:0
BRH:0
end_of_record
TN:
SF:D:\VueProject\lqmountain-park-web\src\pages\DecisionMaking\components\tourism.vue
FN:9,data
FNF:1
FNH:0
FNDA:0,data
DA:10,0
LF:1
LH:0
BRF:0
BRH:0
end_of_record
TN:
SF:D:\VueProject\lqmountain-park-web\src\pages\DecisionMaking\components\waterResources.vue
FN:59,data
FN:131,faceClick
FN:138,endFormTable
FN:141,formTable
FN:144,formTableFlase
FN:147,thisClick
FN:184,pickPointFun
FN:191,dataViewDialogTrue
FN:194,dataViewDialogFalse
FNF:9
FNH:0
FNDA:0,data
FNDA:0,faceClick
FNDA:0,endFormTable
FNDA:0,formTable
FNDA:0,formTableFlase
FNDA:0,thisClick
FNDA:0,pickPointFun
FNDA:0,dataViewDialogTrue
FNDA:0,dataViewDialogFalse
DA:44,0
DA:45,0
DA:46,0
DA:48,0
DA:50,0
DA:51,0
DA:52,0
DA:53,0
DA:54,0
DA:55,0
DA:60,0
DA:132,0
DA:133,0
DA:135,0
DA:139,0
DA:142,0
DA:145,0
DA:148,0
DA:149,0
DA:151,0
DA:152,0
DA:153,0
DA:155,0
DA:157,0
DA:160,0
DA:162,0
DA:165,0
DA:166,0
DA:167,0
DA:170,0
DA:173,0
DA:175,0
DA:176,0
DA:177,0
DA:178,0
DA:180,0
DA:181,0
DA:185,0
DA:186,0
DA:188,0
DA:192,0
DA:195,0
LF:42
LH:0
BRDA:132,0,0,0
BRDA:132,0,1,0
BRDA:151,1,0,0
BRDA:151,1,1,0
BRDA:153,2,0,0
BRDA:153,2,1,0
BRDA:160,3,0,0
BRDA:160,3,1,0
BRDA:165,4,0,0
BRDA:165,4,1,0
BRDA:176,5,0,0
BRDA:176,5,1,0
BRDA:185,6,0,0
BRDA:185,6,1,0
BRF:14
BRH:0
end_of_record
TN:
SF:D:\VueProject\lqmountain-park-web\src\pages\DecisionMaking\components\waterSource.vue
FN:58,data
FN:126,faceClick
FN:133,endFormTable
FN:136,formTable
FN:139,formTableFlase
FN:142,thisClick
FN:179,pickPointFun
FN:186,dataViewDialogTrue
FN:189,dataViewDialogFalse
FNF:9
FNH:0
FNDA:0,data
FNDA:0,faceClick
FNDA:0,endFormTable
FNDA:0,formTable
FNDA:0,formTableFlase
FNDA:0,thisClick
FNDA:0,pickPointFun
FNDA:0,dataViewDialogTrue
FNDA:0,dataViewDialogFalse
DA:43,0
DA:44,0
DA:45,0
DA:47,0
DA:49,0
DA:50,0
DA:51,0
DA:52,0
DA:53,0
DA:54,0
DA:59,0
DA:127,0
DA:128,0
DA:130,0
DA:134,0
DA:137,0
DA:140,0
DA:143,0
DA:144,0
DA:146,0
DA:147,0
DA:148,0
DA:150,0
DA:152,0
DA:155,0
DA:157,0
DA:160,0
DA:161,0
DA:162,0
DA:165,0
DA:168,0
DA:170,0
DA:171,0
DA:172,0
DA:173,0
DA:175,0
DA:176,0
DA:180,0
DA:181,0
DA:183,0
DA:187,0
DA:190,0
LF:42
LH:0
BRDA:127,0,0,0
BRDA:127,0,1,0
BRDA:146,1,0,0
BRDA:146,1,1,0
BRDA:148,2,0,0
BRDA:148,2,1,0
BRDA:155,3,0,0
BRDA:155,3,1,0
BRDA:160,4,0,0
BRDA:160,4,1,0
BRDA:171,5,0,0
BRDA:171,5,1,0
BRDA:180,6,0,0
BRDA:180,6,1,0
BRF:14
BRH:0
end_of_record
TN:
SF:D:\VueProject\lqmountain-park-web\src\pages\Geology\index.vue
FN:65,data
FN:88,handlechek
FN:180,getTableData
FN:207,initMap
FN:260,mapClick
FN:274,closePopup
FN:280,mounted
FNF:7
FNH:0
FNDA:0,data
FNDA:0,handlechek
FNDA:0,getTableData
FNDA:0,initMap
FNDA:0,mapClick
FNDA:0,closePopup
FNDA:0,mounted
DA:51,0
DA:52,0
DA:54,0
DA:57,0
DA:58,0
DA:59,0
DA:60,0
DA:61,0
DA:62,0
DA:66,0
DA:89,0
DA:99,0
DA:100,0
DA:101,0
DA:102,0
DA:103,0
DA:104,0
DA:105,0
DA:106,0
DA:107,0
DA:108,0
DA:109,0
DA:110,0
DA:111,0
DA:112,0
DA:113,0
DA:114,0
DA:115,0
DA:116,0
DA:117,0
DA:118,0
DA:119,0
DA:120,0
DA:121,0
DA:122,0
DA:123,0
DA:124,0
DA:125,0
DA:126,0
DA:127,0
DA:128,0
DA:129,0
DA:130,0
DA:131,0
DA:132,0
DA:133,0
DA:134,0
DA:135,0
DA:136,0
DA:139,0
DA:140,0
DA:141,0
DA:142,0
DA:143,0
DA:144,0
DA:145,0
DA:147,0
DA:148,0
DA:149,0
DA:150,0
DA:151,0
DA:152,0
DA:153,0
DA:154,0
DA:155,0
DA:156,0
DA:157,0
DA:158,0
DA:159,0
DA:160,0
DA:161,0
DA:162,0
DA:163,0
DA:164,0
DA:165,0
DA:166,0
DA:167,0
DA:168,0
DA:169,0
DA:170,0
DA:171,0
DA:172,0
DA:173,0
DA:174,0
DA:175,0
DA:180,0
DA:182,0
DA:186,0
DA:187,0
DA:188,0
DA:195,0
DA:196,0
DA:197,0
DA:198,0
DA:199,0
DA:200,0
DA:201,0
DA:202,0
DA:209,0
DA:227,0
DA:247,0
DA:248,0
DA:249,0
DA:281,0
DA:282,0
LF:105
LH:0
BRDA:99,0,0,0
BRDA:99,0,1,0
BRDA:100,1,0,0
BRDA:100,1,1,0
BRDA:101,2,0,0
BRDA:101,2,1,0
BRDA:103,3,0,0
BRDA:103,3,1,0
BRDA:105,4,0,0
BRDA:105,4,1,0
BRDA:107,5,0,0
BRDA:107,5,1,0
BRDA:109,6,0,0
BRDA:109,6,1,0
BRDA:111,7,0,0
BRDA:111,7,1,0
BRDA:113,8,0,0
BRDA:113,8,1,0
BRDA:115,9,0,0
BRDA:115,9,1,0
BRDA:117,10,0,0
BRDA:117,10,1,0
BRDA:119,11,0,0
BRDA:119,11,1,0
BRDA:121,12,0,0
BRDA:121,12,1,0
BRDA:123,13,0,0
BRDA:123,13,1,0
BRDA:125,14,0,0
BRDA:125,14,1,0
BRDA:127,15,0,0
BRDA:127,15,1,0
BRDA:129,16,0,0
BRDA:129,16,1,0
BRDA:131,17,0,0
BRDA:131,17,1,0
BRDA:133,18,0,0
BRDA:133,18,1,0
BRDA:135,19,0,0
BRDA:135,19,1,0
BRDA:139,20,0,0
BRDA:139,20,1,0
BRDA:141,21,0,0
BRDA:141,21,1,0
BRDA:143,22,0,0
BRDA:143,22,1,0
BRDA:145,23,0,0
BRDA:145,23,1,0
BRDA:148,24,0,0
BRDA:148,24,1,0
BRDA:150,25,0,0
BRDA:150,25,1,0
BRDA:152,26,0,0
BRDA:152,26,1,0
BRDA:154,27,0,0
BRDA:154,27,1,0
BRDA:156,28,0,0
BRDA:156,28,1,0
BRDA:158,29,0,0
BRDA:158,29,1,0
BRDA:160,30,0,0
BRDA:160,30,1,0
BRDA:162,31,0,0
BRDA:162,31,1,0
BRDA:164,32,0,0
BRDA:164,32,1,0
BRDA:166,33,0,0
BRDA:166,33,1,0
BRDA:168,34,0,0
BRDA:168,34,1,0
BRDA:170,35,0,0
BRDA:170,35,1,0
BRDA:172,36,0,0
BRDA:172,36,1,0
BRDA:174,37,0,0
BRDA:174,37,1,0
BRDA:180,38,0,0
BRDA:180,38,1,0
BRDA:180,38,2,0
BRDA:180,38,3,0
BRDA:180,38,4,0
BRDA:180,38,5,0
BRDA:180,39,0,0
BRDA:180,39,1,0
BRDA:196,40,0,0
BRDA:196,40,1,0
BRDA:200,41,0,0
BRDA:200,41,1,0
BRF:88
BRH:0
end_of_record
TN:
SF:D:\VueProject\lqmountain-park-web\src\pages\Geology\components\MainMap.vue
FN:24,data
FN:34,initMap
FN:71,mapClick
FN:72,(anonymous_5)
FN:78,(anonymous_6)
FN:87,closePopup
FN:94,mounted
FNF:7
FNH:0
FNDA:0,data
FNDA:0,initMap
FNDA:0,mapClick
FNDA:0,(anonymous_5)
FNDA:0,(anonymous_6)
FNDA:0,closePopup
FNDA:0,mounted
DA:13,0
DA:14,0
DA:16,0
DA:17,0
DA:18,0
DA:19,0
DA:20,0
DA:21,0
DA:25,0
DA:35,0
DA:36,0
DA:47,0
DA:54,0
DA:66,0
DA:67,0
DA:68,0
DA:69,0
DA:71,0
DA:72,0
DA:73,0
DA:74,0
DA:75,0
DA:76,0
DA:77,0
DA:78,0
DA:81,0
DA:84,0
DA:89,0
DA:90,0
DA:91,0
DA:95,0
LF:31
LH:0
BRF:0
BRH:0
end_of_record
TN:
SF:D:\VueProject\lqmountain-park-web\src\pages\Geology\components\mainmask.vue
FN:38,data
FN:86,show
FN:89,cheoutli
FN:92,cheoutlis
FNF:4
FNH:0
FNDA:0,data
FNDA:0,show
FNDA:0,cheoutli
FNDA:0,cheoutlis
DA:39,0
DA:87,0
DA:90,0
DA:93,0
LF:4
LH:0
BRF:0
BRH:0
end_of_record
TN:
SF:D:\VueProject\lqmountain-park-web\src\pages\Index\index.vue
FN:168,data
FN:339,mounted
FN:342,doSomething
FN:351,doSomething2
FN:358,doSomething3
FN:365,tab
FNF:6
FNH:0
FNDA:0,data
FNDA:0,mounted
FNDA:0,doSomething
FNDA:0,doSomething2
FNDA:0,doSomething3
FNDA:0,tab
DA:141,0
DA:142,0
DA:143,0
DA:144,0
DA:145,0
DA:146,0
DA:147,0
DA:148,0
DA:149,0
DA:151,0
DA:152,0
DA:153,0
DA:154,0
DA:155,0
DA:156,0
DA:157,0
DA:158,0
DA:159,0
DA:160,0
DA:161,0
DA:162,0
DA:163,0
DA:164,0
DA:169,0
DA:343,0
DA:344,0
DA:345,0
DA:347,0
DA:348,0
DA:352,0
DA:353,0
DA:355,0
DA:359,0
DA:360,0
DA:362,0
DA:366,0
DA:367,0
LF:37
LH:0
BRDA:343,0,0,0
BRDA:343,0,1,0
BRDA:352,1,0,0
BRDA:352,1,1,0
BRDA:359,2,0,0
BRDA:359,2,1,0
BRF:6
BRH:0
end_of_record
TN:
SF:D:\VueProject\lqmountain-park-web\src\pages\Index\components\ContentHeader.vue
FN:16,data
FNF:1
FNH:0
FNDA:0,data
DA:17,0
LF:1
LH:0
BRF:0
BRH:0
end_of_record
TN:
SF:D:\VueProject\lqmountain-park-web\src\pages\Index\components\Distance.vue
FN:16,data
FNF:1
FNH:0
FNDA:0,data
DA:17,0
LF:1
LH:0
BRF:0
BRH:0
end_of_record
TN:
SF:D:\VueProject\lqmountain-park-web\src\pages\Index\components\DoughnutChart.vue
FN:20,data
FN:27,mounted
FN:31,dddd
FN:42,formatter
FN:141,formatter
FN:181,(anonymous_7)
FNF:6
FNH:0
FNDA:0,data
FNDA:0,mounted
FNDA:0,dddd
FNDA:0,formatter
FNDA:0,formatter
FNDA:0,(anonymous_7)
DA:14,0
DA:15,0
DA:16,0
DA:17,0
DA:21,0
DA:28,0
DA:32,0
DA:33,0
DA:34,0
DA:43,0
DA:142,0
DA:143,0
DA:178,0
DA:180,0
DA:181,0
DA:182,0
DA:183,0
LF:17
LH:0
BRDA:182,0,0,0
BRDA:182,0,1,0
BRF:2
BRH:0
end_of_record
TN:
SF:D:\VueProject\lqmountain-park-web\src\pages\Index\components\EchartsBar.vue
FN:8,data
FN:17,mounted
FN:21,dddd
FN:43,formatter
FN:128,(anonymous_5)
FNF:5
FNH:0
FNDA:0,data
FNDA:0,mounted
FNDA:0,dddd
FNDA:0,formatter
FNDA:0,(anonymous_5)
DA:9,0
DA:18,0
DA:22,0
DA:23,0
DA:24,0
DA:27,0
DA:44,0
DA:127,0
DA:128,0
DA:129,0
DA:130,0
LF:11
LH:0
BRDA:129,0,0,0
BRDA:129,0,1,0
BRF:2
BRH:0
end_of_record
TN:
SF:D:\VueProject\lqmountain-park-web\src\pages\Index\components\LabelTitle.vue
FN:13,data
FNF:1
FNH:0
FNDA:0,data
DA:14,0
LF:1
LH:0
BRF:0
BRH:0
end_of_record
TN:
SF:D:\VueProject\lqmountain-park-web\src\pages\Index\components\LandscapeItem.vue
FN:19,data
FN:29,mounted
FN:33,aaa
FNF:3
FNH:0
FNDA:0,data
FNDA:0,mounted
FNDA:0,aaa
DA:20,0
DA:30,0
LF:2
LH:0
BRF:0
BRH:0
end_of_record
TN:
SF:D:\VueProject\lqmountain-park-web\src\pages\Index\components\ShowOff.vue
FN:16,data
FNF:1
FNH:0
FNDA:0,data
DA:17,0
LF:1
LH:0
BRF:0
BRH:0
end_of_record
TN:
SF:D:\VueProject\lqmountain-park-web\src\pages\Index\components\indexMap.vue
FN:27,data
FN:41,isActive1
FN:45,isActive2
FN:48,isActive3
FN:52,mounted
FN:56,initMap
FN:90,style
FN:123,style
FN:170,(anonymous_11)
FN:174,(anonymous_12)
FNF:10
FNH:0
FNDA:0,data
FNDA:0,isActive1
FNDA:0,isActive2
FNDA:0,isActive3
FNDA:0,mounted
FNDA:0,initMap
FNDA:0,style
FNDA:0,style
FNDA:0,(anonymous_11)
FNDA:0,(anonymous_12)
DA:6,0
DA:7,0
DA:8,0
DA:10,0
DA:11,0
DA:12,0
DA:14,0
DA:17,0
DA:18,0
DA:19,0
DA:20,0
DA:21,0
DA:22,0
DA:23,0
DA:28,0
DA:42,0
DA:46,0
DA:49,0
DA:53,0
DA:58,0
DA:72,0
DA:85,0
DA:91,0
DA:110,0
DA:118,0
DA:124,0
DA:148,0
DA:152,0
DA:159,0
DA:170,0
DA:171,0
DA:172,0
DA:173,0
DA:174,0
DA:176,0
DA:178,0
DA:182,0
DA:183,0
LF:38
LH:0
BRDA:178,0,0,0
BRDA:178,0,1,0
BRDA:178,1,0,0
BRDA:178,1,1,0
BRDA:178,1,2,0
BRF:5
BRH:0
end_of_record
TN:
SF:D:\VueProject\lqmountain-park-web\src\pages\Login\index.vue
FN:40,data
FN:54,shows
FN:57,login
FN:62,chekimg
FN:65,getTableData
FN:95,open1
FN:98,open
FN:105,userlogin
FN:112,getUserData
FN:127,bodyheight
FN:132,mounted
FNF:11
FNH:0
FNDA:0,data
FNDA:0,shows
FNDA:0,login
FNDA:0,chekimg
FNDA:0,getTableData
FNDA:0,open1
FNDA:0,open
FNDA:0,userlogin
FNDA:0,getUserData
FNDA:0,bodyheight
FNDA:0,mounted
DA:37,0
DA:41,0
DA:55,0
DA:59,0
DA:63,0
DA:65,0
DA:67,0
DA:74,0
DA:78,0
DA:81,0
DA:82,0
DA:83,0
DA:84,0
DA:85,0
DA:86,0
DA:87,0
DA:88,0
DA:90,0
DA:96,0
DA:99,0
DA:103,0
DA:106,0
DA:107,0
DA:112,0
DA:114,0
DA:117,0
DA:122,0
DA:128,0
DA:129,0
DA:133,0
LF:30
LH:0
BRDA:65,0,0,0
BRDA:65,0,1,0
BRDA:65,0,2,0
BRDA:65,0,3,0
BRDA:65,0,4,0
BRDA:65,0,5,0
BRDA:65,1,0,0
BRDA:65,1,1,0
BRDA:83,2,0,0
BRDA:83,2,1,0
BRDA:85,3,0,0
BRDA:85,3,1,0
BRDA:87,4,0,0
BRDA:87,4,1,0
BRDA:106,5,0,0
BRDA:106,5,1,0
BRDA:112,6,0,0
BRDA:112,6,1,0
BRDA:112,6,2,0
BRDA:112,6,3,0
BRDA:112,6,4,0
BRDA:112,7,0,0
BRDA:112,7,1,0
BRF:23
BRH:0
end_of_record
TN:
SF:D:\VueProject\lqmountain-park-web\src\store\store.js
FN:15,editableTabs
FN:21,even
FN:22,(anonymous_3)
FN:62,editableTabs
FNF:4
FNH:0
FNDA:0,editableTabs
FNDA:0,even
FNDA:0,(anonymous_3)
FNDA:0,editableTabs
DA:1,0
DA:2,0
DA:4,0
DA:17,0
DA:19,0
DA:21,0
DA:22,0
DA:23,0
DA:24,0
DA:29,0
DA:31,0
DA:33,0
DA:35,0
DA:36,0
DA:38,0
DA:40,0
DA:43,0
DA:44,0
DA:46,0
DA:50,0
DA:54,0
DA:56,0
DA:65,0
LF:23
LH:0
BRDA:19,0,0,0
BRDA:19,0,1,0
BRDA:29,1,0,0
BRDA:29,1,1,0
BRF:4
BRH:0
end_of_record
TN:
SF:D:\VueProject\lqmountain-park-web\src\utils\ajax.js
FN:11,(anonymous_1)
FN:12,(anonymous_2)
FN:17,(anonymous_3)
FN:18,_callee
FN:18,_callee$
FN:51,(anonymous_7)
FNF:6
FNH:0
FNDA:0,(anonymous_1)
FNDA:0,(anonymous_2)
FNDA:0,(anonymous_3)
FNDA:0,_callee
FNDA:0,_callee$
FNDA:0,(anonymous_7)
DA:1,0
DA:2,0
DA:5,0
DA:10,0
DA:11,0
DA:13,0
DA:17,0
DA:18,0
DA:22,0
DA:31,0
DA:32,0
DA:52,0
LF:12
LH:0
BRDA:18,0,0,0
BRDA:18,0,1,0
BRDA:18,0,2,0
BRDA:18,0,3,0
BRDA:18,0,4,0
BRDA:18,0,5,0
BRDA:18,0,6,0
BRDA:18,1,0,0
BRDA:18,1,1,0
BRF:9
BRH:0
end_of_record
TN:
SF:D:\VueProject\lqmountain-park-web\src\utils\retry.js
FN:5,_callee$
FNF:1
FNH:0
FNDA:0,_callee$
DA:1,0
DA:3,0
DA:5,0
DA:6,0
DA:7,0
DA:12,0
LF:6
LH:0
BRDA:5,0,0,0
BRDA:5,0,1,0
BRDA:5,1,0,0
BRDA:5,1,1,0
BRDA:5,2,0,0
BRDA:5,2,1,0
BRDA:5,2,2,0
BRDA:5,2,3,0
BRDA:5,2,4,0
BRDA:5,2,5,0
BRDA:5,2,6,0
BRDA:5,2,7,0
BRDA:5,3,0,0
BRDA:5,3,1,0
BRF:14
BRH:0
end_of_record
TN:
SF:D:\VueProject\lqmountain-park-web\src\utils\saveFile.js
FN:2,saveXlsx
FNF:1
FNH:0
FNDA:0,saveXlsx
DA:3,0
DA:4,0
DA:6,0
DA:7,0
DA:8,0
DA:9,0
DA:10,0
DA:11,0
DA:12,0
DA:13,0
DA:14,0
LF:11
LH:0
BRDA:3,0,0,0
BRDA:3,0,1,0
BRF:2
BRH:0
end_of_record
TN:
SF:D:\VueProject\lqmountain-park-web\src\utils\sleep.js
FN:2,(anonymous_2)
FNF:1
FNH:0
FNDA:0,(anonymous_2)
DA:1,0
DA:2,0
DA:3,0
LF:3
LH:0
BRDA:1,0,0,0
BRDA:1,0,1,0
BRDA:1,1,0,0
BRDA:1,1,1,0
BRF:4
BRH:0
end_of_record
